#
# There is insufficient memory for the Java Runtime Environment to continue.
# Native memory allocation (malloc) failed to allocate 85983232 bytes for committing reserved memory.
# Possible reasons:
#   The system is out of physical RAM or swap space
#   In 32 bit mode, the process size limit was hit
# Possible solutions:
#   Reduce memory load on the system
#   Increase physical memory or swap space
#   Check if swap backing store is full
#   Use 64 bit Java on a 64 bit OS
#   Decrease Java heap size (-Xmx/-Xms)
#   Decrease number of Java threads
#   Decrease Java thread stack sizes (-Xss)
#   Set larger code cache with -XX:ReservedCodeCacheSize=
# This output file may be truncated or incomplete.
#
#  Out of Memory Error (os_linux.cpp:2756), pid=4503, tid=140536364795648
#
# JRE version:  (7.0_80-b15) (build )
# Java VM: Java HotSpot(TM) 64-Bit Server VM (24.80-b11 mixed mode linux-amd64 compressed oops)
# Failed to write core dump. Core dumps have been disabled. To enable core dumping, try "ulimit -c unlimited" before starting Java again
#

---------------  T H R E A D  ---------------

Current thread (0x00007fd12400a000):  JavaThread "Unknown thread" [_thread_in_vm, id=4586, stack(0x00007fd12c0a0000,0x00007fd12c1a1000)]

Stack: [0x00007fd12c0a0000,0x00007fd12c1a1000],  sp=0x00007fd12c19f230,  free space=1020k
Native frames: (J=compiled Java code, j=interpreted, Vv=VM code, C=native code)
V  [libjvm.so+0x9a320a]  VMError::report_and_die()+0x2ea
V  [libjvm.so+0x498d3b]  report_vm_out_of_memory(char const*, int, unsigned long, char const*)+0x9b
V  [libjvm.so+0x82191e]  os::Linux::commit_memory_impl(char*, unsigned long, bool)+0xfe
V  [libjvm.so+0x821e69]  os::pd_commit_memory(char*, unsigned long, unsigned long, bool)+0x29
V  [libjvm.so+0x81bb6a]  os::commit_memory(char*, unsigned long, unsigned long, bool)+0x2a
V  [libjvm.so+0x88d623]  PSVirtualSpace::expand_by(unsigned long)+0x53
V  [libjvm.so+0x87c293]  PSOldGen::initialize(ReservedSpace, unsigned long, char const*, int)+0x103
V  [libjvm.so+0x29ace3]  AdjoiningGenerations::AdjoiningGenerations(ReservedSpace, unsigned long, unsigned long, unsigned long, unsigned long, unsigned long, unsigned long, unsigned long)+0x3e3
V  [libjvm.so+0x843215]  ParallelScavengeHeap::initialize()+0x4d5
V  [libjvm.so+0x97509a]  Universe::initialize_heap()+0xca
V  [libjvm.so+0x976269]  universe_init()+0x79
V  [libjvm.so+0x5b2f25]  init_globals()+0x65
V  [libjvm.so+0x95db4d]  Threads::create_vm(JavaVMInitArgs*, bool*)+0x1ed
V  [libjvm.so+0x63b2e4]  JNI_CreateJavaVM+0x74
C  [libjli.so+0x2f8e]  JavaMain+0x9e


---------------  P R O C E S S  ---------------

Java Threads: ( => current thread )

Other Threads:

=>0x00007fd12400a000 (exited) JavaThread "Unknown thread" [_thread_in_vm, id=4586, stack(0x00007fd12c0a0000,0x00007fd12c1a1000)]

VM state:not at safepoint (not fully initialized)

VM Mutex/Monitor currently owned by a thread: None

GC Heap History (0 events):
No events

Deoptimization events (0 events):
No events

Internal exceptions (0 events):
No events

Events (0 events):
No events


Dynamic libraries:
00400000-00401000 r-xp 00000000 08:05 799736                             /usr/lib/jvm/java-7-oracle/jre/bin/java
00600000-00601000 rw-p 00000000 08:05 799736                             /usr/lib/jvm/java-7-oracle/jre/bin/java
00ac4000-00ae5000 rw-p 00000000 00:00 0                                  [heap]
eae00000-f0000000 rw-p 00000000 00:00 0 
f5200000-faa80000 rw-p 00000000 00:00 0 
faa80000-fd400000 rw-p 00000000 00:00 0 
fd400000-100000000 rw-p 00000000 00:00 0 
7fd121000000-7fd121270000 rwxp 00000000 00:00 0 
7fd121270000-7fd124025000 rw-p 00000000 00:00 0 
7fd124025000-7fd128000000 ---p 00000000 00:00 0 
7fd1290a1000-7fd1292ea000 rw-p 00000000 00:00 0 
7fd1292ea000-7fd129368000 rw-p 00000000 00:00 0 
7fd129368000-7fd12937d000 rw-p 00000000 00:00 0 
7fd12937d000-7fd129393000 rw-p 00000000 00:00 0 
7fd129393000-7fd129394000 rw-p 00000000 00:00 0 
7fd129394000-7fd1293ab000 r-xp 00000000 08:05 800459                     /usr/lib/jvm/java-7-oracle/jre/lib/amd64/libzip.so
7fd1293ab000-7fd1295ab000 ---p 00017000 08:05 800459                     /usr/lib/jvm/java-7-oracle/jre/lib/amd64/libzip.so
7fd1295ab000-7fd1295ac000 rw-p 00017000 08:05 800459                     /usr/lib/jvm/java-7-oracle/jre/lib/amd64/libzip.so
7fd1295ac000-7fd1295b7000 r-xp 00000000 08:05 168939                     /lib/x86_64-linux-gnu/libnss_files-2.19.so
7fd1295b7000-7fd1297b6000 ---p 0000b000 08:05 168939                     /lib/x86_64-linux-gnu/libnss_files-2.19.so
7fd1297b6000-7fd1297b7000 r--p 0000a000 08:05 168939                     /lib/x86_64-linux-gnu/libnss_files-2.19.so
7fd1297b7000-7fd1297b8000 rw-p 0000b000 08:05 168939                     /lib/x86_64-linux-gnu/libnss_files-2.19.so
7fd1297b8000-7fd1297c3000 r-xp 00000000 08:05 168966                     /lib/x86_64-linux-gnu/libnss_nis-2.19.so
7fd1297c3000-7fd1299c2000 ---p 0000b000 08:05 168966                     /lib/x86_64-linux-gnu/libnss_nis-2.19.so
7fd1299c2000-7fd1299c3000 r--p 0000a000 08:05 168966                     /lib/x86_64-linux-gnu/libnss_nis-2.19.so
7fd1299c3000-7fd1299c4000 rw-p 0000b000 08:05 168966                     /lib/x86_64-linux-gnu/libnss_nis-2.19.so
7fd1299c4000-7fd1299db000 r-xp 00000000 08:05 168951                     /lib/x86_64-linux-gnu/libnsl-2.19.so
7fd1299db000-7fd129bda000 ---p 00017000 08:05 168951                     /lib/x86_64-linux-gnu/libnsl-2.19.so
7fd129bda000-7fd129bdb000 r--p 00016000 08:05 168951                     /lib/x86_64-linux-gnu/libnsl-2.19.so
7fd129bdb000-7fd129bdc000 rw-p 00017000 08:05 168951                     /lib/x86_64-linux-gnu/libnsl-2.19.so
7fd129bdc000-7fd129bde000 rw-p 00000000 00:00 0 
7fd129bde000-7fd129be7000 r-xp 00000000 08:05 168950                     /lib/x86_64-linux-gnu/libnss_compat-2.19.so
7fd129be7000-7fd129de6000 ---p 00009000 08:05 168950                     /lib/x86_64-linux-gnu/libnss_compat-2.19.so
7fd129de6000-7fd129de7000 r--p 00008000 08:05 168950                     /lib/x86_64-linux-gnu/libnss_compat-2.19.so
7fd129de7000-7fd129de8000 rw-p 00009000 08:05 168950                     /lib/x86_64-linux-gnu/libnss_compat-2.19.so
7fd129de8000-7fd129e11000 r-xp 00000000 08:05 800418                     /usr/lib/jvm/java-7-oracle/jre/lib/amd64/libjava.so
7fd129e11000-7fd12a011000 ---p 00029000 08:05 800418                     /usr/lib/jvm/java-7-oracle/jre/lib/amd64/libjava.so
7fd12a011000-7fd12a013000 rw-p 00029000 08:05 800418                     /usr/lib/jvm/java-7-oracle/jre/lib/amd64/libjava.so
7fd12a013000-7fd12a020000 r-xp 00000000 08:05 800442                     /usr/lib/jvm/java-7-oracle/jre/lib/amd64/libverify.so
7fd12a020000-7fd12a21f000 ---p 0000d000 08:05 800442                     /usr/lib/jvm/java-7-oracle/jre/lib/amd64/libverify.so
7fd12a21f000-7fd12a221000 rw-p 0000c000 08:05 800442                     /usr/lib/jvm/java-7-oracle/jre/lib/amd64/libverify.so
7fd12a221000-7fd12a228000 r-xp 00000000 08:05 168962                     /lib/x86_64-linux-gnu/librt-2.19.so
7fd12a228000-7fd12a427000 ---p 00007000 08:05 168962                     /lib/x86_64-linux-gnu/librt-2.19.so
7fd12a427000-7fd12a428000 r--p 00006000 08:05 168962                     /lib/x86_64-linux-gnu/librt-2.19.so
7fd12a428000-7fd12a429000 rw-p 00007000 08:05 168962                     /lib/x86_64-linux-gnu/librt-2.19.so
7fd12a429000-7fd12a52e000 r-xp 00000000 08:05 133322                     /lib/x86_64-linux-gnu/libm-2.19.so
7fd12a52e000-7fd12a72d000 ---p 00105000 08:05 133322                     /lib/x86_64-linux-gnu/libm-2.19.so
7fd12a72d000-7fd12a72e000 r--p 00104000 08:05 133322                     /lib/x86_64-linux-gnu/libm-2.19.so
7fd12a72e000-7fd12a72f000 rw-p 00105000 08:05 133322                     /lib/x86_64-linux-gnu/libm-2.19.so
7fd12a72f000-7fd12b2a5000 r-xp 00000000 08:05 800435                     /usr/lib/jvm/java-7-oracle/jre/lib/amd64/server/libjvm.so
7fd12b2a5000-7fd12b4a4000 ---p 00b76000 08:05 800435                     /usr/lib/jvm/java-7-oracle/jre/lib/amd64/server/libjvm.so
7fd12b4a4000-7fd12b568000 rw-p 00b75000 08:05 800435                     /usr/lib/jvm/java-7-oracle/jre/lib/amd64/server/libjvm.so
7fd12b568000-7fd12b5a9000 rw-p 00000000 00:00 0 
7fd12b5a9000-7fd12b764000 r-xp 00000000 08:05 168958                     /lib/x86_64-linux-gnu/libc-2.19.so
7fd12b764000-7fd12b963000 ---p 001bb000 08:05 168958                     /lib/x86_64-linux-gnu/libc-2.19.so
7fd12b963000-7fd12b967000 r--p 001ba000 08:05 168958                     /lib/x86_64-linux-gnu/libc-2.19.so
7fd12b967000-7fd12b969000 rw-p 001be000 08:05 168958                     /lib/x86_64-linux-gnu/libc-2.19.so
7fd12b969000-7fd12b96e000 rw-p 00000000 00:00 0 
7fd12b96e000-7fd12b971000 r-xp 00000000 08:05 168943                     /lib/x86_64-linux-gnu/libdl-2.19.so
7fd12b971000-7fd12bb70000 ---p 00003000 08:05 168943                     /lib/x86_64-linux-gnu/libdl-2.19.so
7fd12bb70000-7fd12bb71000 r--p 00002000 08:05 168943                     /lib/x86_64-linux-gnu/libdl-2.19.so
7fd12bb71000-7fd12bb72000 rw-p 00003000 08:05 168943                     /lib/x86_64-linux-gnu/libdl-2.19.so
7fd12bb72000-7fd12bb87000 r-xp 00000000 08:05 800415                     /usr/lib/jvm/java-7-oracle/jre/lib/amd64/jli/libjli.so
7fd12bb87000-7fd12bd86000 ---p 00015000 08:05 800415                     /usr/lib/jvm/java-7-oracle/jre/lib/amd64/jli/libjli.so
7fd12bd86000-7fd12bd87000 rw-p 00014000 08:05 800415                     /usr/lib/jvm/java-7-oracle/jre/lib/amd64/jli/libjli.so
7fd12bd87000-7fd12bda0000 r-xp 00000000 08:05 168959                     /lib/x86_64-linux-gnu/libpthread-2.19.so
7fd12bda0000-7fd12bf9f000 ---p 00019000 08:05 168959                     /lib/x86_64-linux-gnu/libpthread-2.19.so
7fd12bf9f000-7fd12bfa0000 r--p 00018000 08:05 168959                     /lib/x86_64-linux-gnu/libpthread-2.19.so
7fd12bfa0000-7fd12bfa1000 rw-p 00019000 08:05 168959                     /lib/x86_64-linux-gnu/libpthread-2.19.so
7fd12bfa1000-7fd12bfa5000 rw-p 00000000 00:00 0 
7fd12bfa5000-7fd12bfc8000 r-xp 00000000 08:05 168954                     /lib/x86_64-linux-gnu/ld-2.19.so
7fd12bfe0000-7fd12bfea000 rw-p 00000000 00:00 0 
7fd12bfea000-7fd12c0a0000 rw-p 00000000 00:00 0 
7fd12c0a0000-7fd12c0a3000 ---p 00000000 00:00 0 
7fd12c0a3000-7fd12c1a5000 rw-p 00000000 00:00 0                          [stack:4586]
7fd12c1b9000-7fd12c1bb000 rw-p 00000000 00:00 0 
7fd12c1bb000-7fd12c1c3000 rw-s 00000000 08:05 1044954                    /tmp/hsperfdata_chin8/4503
7fd12c1c3000-7fd12c1c4000 rw-p 00000000 00:00 0 
7fd12c1c4000-7fd12c1c5000 r--p 00000000 00:00 0 
7fd12c1c5000-7fd12c1c7000 rw-p 00000000 00:00 0 
7fd12c1c7000-7fd12c1c8000 r--p 00022000 08:05 168954                     /lib/x86_64-linux-gnu/ld-2.19.so
7fd12c1c8000-7fd12c1c9000 rw-p 00023000 08:05 168954                     /lib/x86_64-linux-gnu/ld-2.19.so
7fd12c1c9000-7fd12c1ca000 rw-p 00000000 00:00 0 
7fff7e3c4000-7fff7e3e6000 rw-p 00000000 00:00 0                          [stack]
7fff7e3f1000-7fff7e3f3000 r-xp 00000000 00:00 0                          [vdso]
ffffffffff600000-ffffffffff601000 r-xp 00000000 00:00 0                  [vsyscall]

VM Arguments:
jvm_args: -Xmx256M -Dcom.android.sdkmanager.toolsdir=/home/chin8/Documents/work/programming/android/android-sdk-linux/tools 
java_command: com.android.sdkmanager.Main list targets
Launcher Type: SUN_STANDARD

Environment Variables:
JAVA_HOME=/usr/lib/jvm/java-7-oracle
PATH=/home/chin8/Documents/work/programming/android/android-sdk-linux/tools/:/home/chin8/Documents/work/programming/android/android-sdk-linux/platform-tools/:/usr/local/sbin:/usr/local/bin:/usr/sbin:/usr/bin:/sbin:/bin:/usr/games:/usr/local/games
SHELL=/bin/bash
DISPLAY=:0

Signal Handlers:
SIGSEGV: [libjvm.so+0x9a3b20], sa_mask[0]=0x7ffbfeff, sa_flags=0x10000004
SIGBUS: [libjvm.so+0x9a3b20], sa_mask[0]=0x7ffbfeff, sa_flags=0x10000004
SIGFPE: [libjvm.so+0x81e740], sa_mask[0]=0x7ffbfeff, sa_flags=0x10000004
SIGPIPE: [libjvm.so+0x81e740], sa_mask[0]=0x7ffbfeff, sa_flags=0x10000004
SIGXFSZ: [libjvm.so+0x81e740], sa_mask[0]=0x7ffbfeff, sa_flags=0x10000004
SIGILL: [libjvm.so+0x81e740], sa_mask[0]=0x7ffbfeff, sa_flags=0x10000004
SIGUSR1: SIG_DFL, sa_mask[0]=0x00000000, sa_flags=0x00000000
SIGUSR2: [libjvm.so+0x81ffb0], sa_mask[0]=0x00000000, sa_flags=0x10000004
SIGHUP: SIG_DFL, sa_mask[0]=0x00000000, sa_flags=0x00000000
SIGINT: SIG_DFL, sa_mask[0]=0x00000000, sa_flags=0x00000000
SIGTERM: SIG_DFL, sa_mask[0]=0x00000000, sa_flags=0x00000000
SIGQUIT: SIG_DFL, sa_mask[0]=0x00000000, sa_flags=0x00000000


---------------  S Y S T E M  ---------------

OS:jessie/sid

uname:Linux 3.13.0-55-generic #94-Ubuntu SMP Thu Jun 18 00:27:10 UTC 2015 x86_64
libc:glibc 2.19 NPTL 2.19 
rlimit: STACK 8192k, CORE 0k, NPROC 62953, NOFILE 4096, AS infinity
load average:3.86 2.61 2.51

/proc/meminfo:
MemTotal:        8079704 kB
MemFree:          101904 kB
Buffers:            1288 kB
Cached:          1763572 kB
SwapCached:        23780 kB
Active:          6346956 kB
Inactive:        1282708 kB
Active(anon):    6322448 kB
Inactive(anon):  1258208 kB
Active(file):      24508 kB
Inactive(file):    24500 kB
Unevictable:         500 kB
Mlocked:             500 kB
SwapTotal:       2047996 kB
SwapFree:              0 kB
Dirty:                12 kB
Writeback:            36 kB
AnonPages:       5847152 kB
Mapped:           519556 kB
Shmem:           1712312 kB
Slab:             117832 kB
SReclaimable:      47496 kB
SUnreclaim:        70336 kB
KernelStack:        8488 kB
PageTables:        96680 kB
NFS_Unstable:          0 kB
Bounce:                0 kB
WritebackTmp:          0 kB
CommitLimit:     6087848 kB
Committed_AS:   21468908 kB
VmallocTotal:   34359738367 kB
VmallocUsed:      374724 kB
VmallocChunk:   34359335420 kB
HardwareCorrupted:     0 kB
AnonHugePages:    215040 kB
HugePages_Total:       0
HugePages_Free:        0
HugePages_Rsvd:        0
HugePages_Surp:        0
Hugepagesize:       2048 kB
DirectMap4k:      118404 kB
DirectMap2M:     6076416 kB
DirectMap1G:     2097152 kB


CPU:total 8 (4 cores per cpu, 2 threads per core) family 6 model 60 stepping 3, cmov, cx8, fxsr, mmx, sse, sse2, sse3, ssse3, sse4.1, sse4.2, popcnt, avx, avx2, aes, erms, ht, tsc, tscinvbit

/proc/cpuinfo:
processor	: 0
vendor_id	: GenuineIntel
cpu family	: 6
model		: 60
model name	: Intel(R) Core(TM) i7-4810MQ CPU @ 2.80GHz
stepping	: 3
microcode	: 0x1c
cpu MHz		: 2801.000
cache size	: 6144 KB
physical id	: 0
siblings	: 8
core id		: 0
cpu cores	: 4
apicid		: 0
initial apicid	: 0
fpu		: yes
fpu_exception	: yes
cpuid level	: 13
wp		: yes
flags		: fpu vme de pse tsc msr pae mce cx8 apic sep mtrr pge mca cmov pat pse36 clflush dts acpi mmx fxsr sse sse2 ss ht tm pbe syscall nx pdpe1gb rdtscp lm constant_tsc arch_perfmon pebs bts rep_good nopl xtopology nonstop_tsc aperfmperf eagerfpu pni pclmulqdq dtes64 monitor ds_cpl vmx smx est tm2 ssse3 fma cx16 xtpr pdcm pcid sse4_1 sse4_2 x2apic movbe popcnt tsc_deadline_timer aes xsave avx f16c rdrand lahf_lm abm ida arat epb xsaveopt pln pts dtherm tpr_shadow vnmi flexpriority ept vpid fsgsbase tsc_adjust bmi1 avx2 smep bmi2 erms invpcid
bogomips	: 5586.92
clflush size	: 64
cache_alignment	: 64
address sizes	: 39 bits physical, 48 bits virtual
power management:

processor	: 1
vendor_id	: GenuineIntel
cpu family	: 6
model		: 60
model name	: Intel(R) Core(TM) i7-4810MQ CPU @ 2.80GHz
stepping	: 3
microcode	: 0x1c
cpu MHz		: 2801.000
cache size	: 6144 KB
physical id	: 0
siblings	: 8
core id		: 1
cpu cores	: 4
apicid		: 2
initial apicid	: 2
fpu		: yes
fpu_exception	: yes
cpuid level	: 13
wp		: yes
flags		: fpu vme de pse tsc msr pae mce cx8 apic sep mtrr pge mca cmov pat pse36 clflush dts acpi mmx fxsr sse sse2 ss ht tm pbe syscall nx pdpe1gb rdtscp lm constant_tsc arch_perfmon pebs bts rep_good nopl xtopology nonstop_tsc aperfmperf eagerfpu pni pclmulqdq dtes64 monitor ds_cpl vmx smx est tm2 ssse3 fma cx16 xtpr pdcm pcid sse4_1 sse4_2 x2apic movbe popcnt tsc_deadline_timer aes xsave avx f16c rdrand lahf_lm abm ida arat epb xsaveopt pln pts dtherm tpr_shadow vnmi flexpriority ept vpid fsgsbase tsc_adjust bmi1 avx2 smep bmi2 erms invpcid
bogomips	: 5586.92
clflush size	: 64
cache_alignment	: 64
address sizes	: 39 bits physical, 48 bits virtual
power management:

processor	: 2
vendor_id	: GenuineIntel
cpu family	: 6
model		: 60
model name	: Intel(R) Core(TM) i7-4810MQ CPU @ 2.80GHz
stepping	: 3
microcode	: 0x1c
cpu MHz		: 2801.000
cache size	: 6144 KB
physical id	: 0
siblings	: 8
core id		: 2
cpu cores	: 4
apicid		: 4
initial apicid	: 4
fpu		: yes
fpu_exception	: yes
cpuid level	: 13
wp		: yes
flags		: fpu vme de pse tsc msr pae mce cx8 apic sep mtrr pge mca cmov pat pse36 clflush dts acpi mmx fxsr sse sse2 ss ht tm pbe syscall nx pdpe1gb rdtscp lm constant_tsc arch_perfmon pebs bts rep_good nopl xtopology nonstop_tsc aperfmperf eagerfpu pni pclmulqdq dtes64 monitor ds_cpl vmx smx est tm2 ssse3 fma cx16 xtpr pdcm pcid sse4_1 sse4_2 x2apic movbe popcnt tsc_deadline_timer aes xsave avx f16c rdrand lahf_lm abm ida arat epb xsaveopt pln pts dtherm tpr_shadow vnmi flexpriority ept vpid fsgsbase tsc_adjust bmi1 avx2 smep bmi2 erms invpcid
bogomips	: 5586.92
clflush size	: 64
cache_alignment	: 64
address sizes	: 39 bits physical, 48 bits virtual
power management:

processor	: 3
vendor_id	: GenuineIntel
cpu family	: 6
model		: 60
model name	: Intel(R) Core(TM) i7-4810MQ CPU @ 2.80GHz
stepping	: 3
microcode	: 0x1c
cpu MHz		: 2801.000
cache size	: 6144 KB
physical id	: 0
siblings	: 8
core id		: 3
cpu cores	: 4
apicid		: 6
initial apicid	: 6
fpu		: yes
fpu_exception	: yes
cpuid level	: 13
wp		: yes
flags		: fpu vme de pse tsc msr pae mce cx8 apic sep mtrr pge mca cmov pat pse36 clflush dts acpi mmx fxsr sse sse2 ss ht tm pbe syscall nx pdpe1gb rdtscp lm constant_tsc arch_perfmon pebs bts rep_good nopl xtopology nonstop_tsc aperfmperf eagerfpu pni pclmulqdq dtes64 monitor ds_cpl vmx smx est tm2 ssse3 fma cx16 xtpr pdcm pcid sse4_1 sse4_2 x2apic movbe popcnt tsc_deadline_timer aes xsave avx f16c rdrand lahf_lm abm ida arat epb xsaveopt pln pts dtherm tpr_shadow vnmi flexpriority ept vpid fsgsbase tsc_adjust bmi1 avx2 smep bmi2 erms invpcid
bogomips	: 5586.92
clflush size	: 64
cache_alignment	: 64
address sizes	: 39 bits physical, 48 bits virtual
power management:

processor	: 4
vendor_id	: GenuineIntel
cpu family	: 6
model		: 60
model name	: Intel(R) Core(TM) i7-4810MQ CPU @ 2.80GHz
stepping	: 3
microcode	: 0x1c
cpu MHz		: 2801.000
cache size	: 6144 KB
physical id	: 0
siblings	: 8
core id		: 0
cpu cores	: 4
apicid		: 1
initial apicid	: 1
fpu		: yes
fpu_exception	: yes
cpuid level	: 13
wp		: yes
flags		: fpu vme de pse tsc msr pae mce cx8 apic sep mtrr pge mca cmov pat pse36 clflush dts acpi mmx fxsr sse sse2 ss ht tm pbe syscall nx pdpe1gb rdtscp lm constant_tsc arch_perfmon pebs bts rep_good nopl xtopology nonstop_tsc aperfmperf eagerfpu pni pclmulqdq dtes64 monitor ds_cpl vmx smx est tm2 ssse3 fma cx16 xtpr pdcm pcid sse4_1 sse4_2 x2apic movbe popcnt tsc_deadline_timer aes xsave avx f16c rdrand lahf_lm abm ida arat epb xsaveopt pln pts dtherm tpr_shadow vnmi flexpriority ept vpid fsgsbase tsc_adjust bmi1 avx2 smep bmi2 erms invpcid
bogomips	: 5586.92
clflush size	: 64
cache_alignment	: 64
address sizes	: 39 bits physical, 48 bits virtual
power management:

processor	: 5
vendor_id	: GenuineIntel
cpu family	: 6
model		: 60
model name	: Intel(R) Core(TM) i7-4810MQ CPU @ 2.80GHz
stepping	: 3
microcode	: 0x1c
cpu MHz		: 2801.000
cache size	: 6144 KB
physical id	: 0
siblings	: 8
core id		: 1
cpu cores	: 4
apicid		: 3
initial apicid	: 3
fpu		: yes
fpu_exception	: yes
cpuid level	: 13
wp		: yes
flags		: fpu vme de pse tsc msr pae mce cx8 apic sep mtrr pge mca cmov pat pse36 clflush dts acpi mmx fxsr sse sse2 ss ht tm pbe syscall nx pdpe1gb rdtscp lm constant_tsc arch_perfmon pebs bts rep_good nopl xtopology nonstop_tsc aperfmperf eagerfpu pni pclmulqdq dtes64 monitor ds_cpl vmx smx est tm2 ssse3 fma cx16 xtpr pdcm pcid sse4_1 sse4_2 x2apic movbe popcnt tsc_deadline_timer aes xsave avx f16c rdrand lahf_lm abm ida arat epb xsaveopt pln pts dtherm tpr_shadow vnmi flexpriority ept vpid fsgsbase tsc_adjust bmi1 avx2 smep bmi2 erms invpcid
bogomips	: 5586.92
clflush size	: 64
cache_alignment	: 64
address sizes	: 39 bits physical, 48 bits virtual
power management:

processor	: 6
vendor_id	: GenuineIntel
cpu family	: 6
model		: 60
model name	: Intel(R) Core(TM) i7-4810MQ CPU @ 2.80GHz
stepping	: 3
microcode	: 0x1c
cpu MHz		: 2801.000
cache size	: 6144 KB
physical id	: 0
siblings	: 8
core id		: 2
cpu cores	: 4
apicid		: 5
initial apicid	: 5
fpu		: yes
fpu_exception	: yes
cpuid level	: 13
wp		: yes
flags		: fpu vme de pse tsc msr pae mce cx8 apic sep mtrr pge mca cmov pat pse36 clflush dts acpi mmx fxsr sse sse2 ss ht tm pbe syscall nx pdpe1gb rdtscp lm constant_tsc arch_perfmon pebs bts rep_good nopl xtopology nonstop_tsc aperfmperf eagerfpu pni pclmulqdq dtes64 monitor ds_cpl vmx smx est tm2 ssse3 fma cx16 xtpr pdcm pcid sse4_1 sse4_2 x2apic movbe popcnt tsc_deadline_timer aes xsave avx f16c rdrand lahf_lm abm ida arat epb xsaveopt pln pts dtherm tpr_shadow vnmi flexpriority ept vpid fsgsbase tsc_adjust bmi1 avx2 smep bmi2 erms invpcid
bogomips	: 5586.92
clflush size	: 64
cache_alignment	: 64
address sizes	: 39 bits physical, 48 bits virtual
power management:

processor	: 7
vendor_id	: GenuineIntel
cpu family	: 6
model		: 60
model name	: Intel(R) Core(TM) i7-4810MQ CPU @ 2.80GHz
stepping	: 3
microcode	: 0x1c
cpu MHz		: 800.000
cache size	: 6144 KB
physical id	: 0
siblings	: 8
core id		: 3
cpu cores	: 4
apicid		: 7
initial apicid	: 7
fpu		: yes
fpu_exception	: yes
cpuid level	: 13
wp		: yes
flags		: fpu vme de pse tsc msr pae mce cx8 apic sep mtrr pge mca cmov pat pse36 clflush dts acpi mmx fxsr sse sse2 ss ht tm pbe syscall nx pdpe1gb rdtscp lm constant_tsc arch_perfmon pebs bts rep_good nopl xtopology nonstop_tsc aperfmperf eagerfpu pni pclmulqdq dtes64 monitor ds_cpl vmx smx est tm2 ssse3 fma cx16 xtpr pdcm pcid sse4_1 sse4_2 x2apic movbe popcnt tsc_deadline_timer aes xsave avx f16c rdrand lahf_lm abm ida arat epb xsaveopt pln pts dtherm tpr_shadow vnmi flexpriority ept vpid fsgsbase tsc_adjust bmi1 avx2 smep bmi2 erms invpcid
bogomips	: 5586.92
clflush size	: 64
cache_alignment	: 64
address sizes	: 39 bits physical, 48 bits virtual
power management:



Memory: 4k page, physical 8079704k(102296k free), swap 2047996k(0k free)

vm_info: Java HotSpot(TM) 64-Bit Server VM (24.80-b11) for linux-amd64 JRE (1.7.0_80-b15), built on Apr 10 2015 19:53:14 by "java_re" with gcc 4.3.0 20080428 (Red Hat 4.3.0-8)

time: Thu Oct 15 14:19:54 2015
elapsed time: 0 seconds

