#
# There is insufficient memory for the Java Runtime Environment to continue.
# Native memory allocation (malloc) failed to allocate 76546048 bytes for committing reserved memory.
# Possible reasons:
#   The system is out of physical RAM or swap space
#   In 32 bit mode, the process size limit was hit
# Possible solutions:
#   Reduce memory load on the system
#   Increase physical memory or swap space
#   Check if swap backing store is full
#   Use 64 bit Java on a 64 bit OS
#   Decrease Java heap size (-Xmx/-Xms)
#   Decrease number of Java threads
#   Decrease Java thread stack sizes (-Xss)
#   Set larger code cache with -XX:ReservedCodeCacheSize=
# This output file may be truncated or incomplete.
#
#  Out of Memory Error (os_linux.cpp:2756), pid=31292, tid=140714008606464
#
# JRE version: Java(TM) SE Runtime Environment (7.0_80-b15) (build 1.7.0_80-b15)
# Java VM: Java HotSpot(TM) 64-Bit Server VM (24.80-b11 mixed mode linux-amd64 compressed oops)
# Failed to write core dump. Core dumps have been disabled. To enable core dumping, try "ulimit -c unlimited" before starting Java again
#

---------------  T H R E A D  ---------------

Current thread (0x00007ffa8c072800):  VMThread [stack: 0x00007ffa886f7000,0x00007ffa887f8000] [id=31303]

Stack: [0x00007ffa886f7000,0x00007ffa887f8000],  sp=0x00007ffa887f6140,  free space=1020k
Native frames: (J=compiled Java code, j=interpreted, Vv=VM code, C=native code)
V  [libjvm.so+0x9a320a]  VMError::report_and_die()+0x2ea
V  [libjvm.so+0x498d3b]  report_vm_out_of_memory(char const*, int, unsigned long, char const*)+0x9b
V  [libjvm.so+0x82191e]  os::Linux::commit_memory_impl(char*, unsigned long, bool)+0xfe
V  [libjvm.so+0x821e69]  os::pd_commit_memory(char*, unsigned long, unsigned long, bool)+0x29
V  [libjvm.so+0x81bb6a]  os::commit_memory(char*, unsigned long, unsigned long, bool)+0x2a
V  [libjvm.so+0x88d623]  PSVirtualSpace::expand_by(unsigned long)+0x53
V  [libjvm.so+0x88e9f8]  PSYoungGen::resize_generation(unsigned long, unsigned long)+0xf8
V  [libjvm.so+0x88db62]  PSYoungGen::resize(unsigned long, unsigned long)+0x22
V  [libjvm.so+0x88af1d]  PSScavenge::invoke_no_policy()+0xf3d
V  [libjvm.so+0x88b761]  PSScavenge::invoke()+0x41
V  [libjvm.so+0x843f40]  ParallelScavengeHeap::failed_mem_allocate(unsigned long)+0x70
V  [libjvm.so+0x9a4a97]  VM_ParallelGCFailedAllocation::doit()+0x97
V  [libjvm.so+0x9abf35]  VM_Operation::evaluate()+0x55
V  [libjvm.so+0x9aa2fa]  VMThread::evaluate_operation(VM_Operation*)+0xba
V  [libjvm.so+0x9aa67e]  VMThread::loop()+0x1ce
V  [libjvm.so+0x9aaaf0]  VMThread::run()+0x70
V  [libjvm.so+0x8238c8]  java_start(Thread*)+0x108

VM_Operation (0x00007ffa8329c830): ParallelGCFailedAllocation, mode: safepoint, requested by thread 0x00007ffa8c326000


---------------  P R O C E S S  ---------------

Java Threads: ( => current thread )
  0x00007ffa8c326000 JavaThread "Thread-14" daemon [_thread_blocked, id=31436, stack(0x00007ffa8319d000,0x00007ffa8329e000)]
  0x00007ffa8c325800 JavaThread "Thread-13" daemon [_thread_blocked, id=31435, stack(0x00007ffa8329e000,0x00007ffa8339f000)]
  0x00007ffa8c6f0800 JavaThread "process reaper" daemon [_thread_in_native, id=31318, stack(0x00007ffa8339f000,0x00007ffa833d8000)]
  0x00007ffa8c0a9800 JavaThread "Service Thread" daemon [_thread_blocked, id=31309, stack(0x00007ffa880f1000,0x00007ffa881f2000)]
  0x00007ffa8c0a7800 JavaThread "C2 CompilerThread1" daemon [_thread_blocked, id=31308, stack(0x00007ffa881f2000,0x00007ffa882f3000)]
  0x00007ffa8c0a4800 JavaThread "C2 CompilerThread0" daemon [_thread_blocked, id=31307, stack(0x00007ffa882f3000,0x00007ffa883f4000)]
  0x00007ffa8c0a2000 JavaThread "Signal Dispatcher" daemon [_thread_blocked, id=31306, stack(0x00007ffa883f4000,0x00007ffa884f5000)]
  0x00007ffa8c079000 JavaThread "Finalizer" daemon [_thread_blocked, id=31305, stack(0x00007ffa884f5000,0x00007ffa885f6000)]
  0x00007ffa8c077000 JavaThread "Reference Handler" daemon [_thread_blocked, id=31304, stack(0x00007ffa885f6000,0x00007ffa886f7000)]
  0x00007ffa8c00a000 JavaThread "main" [_thread_blocked, id=31294, stack(0x00007ffa95768000,0x00007ffa95869000)]

Other Threads:
=>0x00007ffa8c072800 VMThread [stack: 0x00007ffa886f7000,0x00007ffa887f8000] [id=31303]
  0x00007ffa8c0b4800 WatcherThread [stack: 0x00007ffa8381b000,0x00007ffa8391c000] [id=31310]

VM state:at safepoint (normal execution)

VM Mutex/Monitor currently owned by a thread:  ([mutex/lock_event])
[0x00007ffa8c0062b0] Threads_lock - owner thread: 0x00007ffa8c072800
[0x00007ffa8c0067b0] Heap_lock - owner thread: 0x00007ffa8c326000

Heap
 PSYoungGen      total 69632K, used 5109K [0x00000007d6e00000, 0x00000007db700000, 0x0000000800000000)
  eden space 64512K, 0% used [0x00000007d6e00000,0x00000007d6e00000,0x00000007dad00000)
  from space 5120K, 99% used [0x00000007dad00000,0x00000007db1fd740,0x00000007db200000)
  to   space 5120K, 0% used [0x00000007db200000,0x00000007db200000,0x00000007db700000)
 ParOldGen       total 83968K, used 13936K [0x0000000784a00000, 0x0000000789c00000, 0x00000007d6e00000)
  object space 83968K, 16% used [0x0000000784a00000,0x000000078579c2b8,0x0000000789c00000)
 PSPermGen       total 21504K, used 19513K [0x000000077f800000, 0x0000000780d00000, 0x0000000784a00000)
  object space 21504K, 90% used [0x000000077f800000,0x0000000780b0e738,0x0000000780d00000)

Card table byte_map: [0x00007ffa92657000,0x00007ffa92a5c000] byte_map_base: 0x00007ffa8ea5b000

Polling page: 0x00007ffa9588c000

Code Cache  [0x00007ffa89000000, 0x00007ffa89270000, 0x00007ffa8c000000)
 total_blobs=698 nmethods=389 adapters=262 free_code_cache=47844Kb largest_free_block=48940224

Compilation events (10 events):
Event: 18,014 Thread 0x00007ffa8c0a7800 nmethod 412% 0x00007ffa89148350 code [0x00007ffa891484a0, 0x00007ffa89148818]
Event: 18,015 Thread 0x00007ffa8c0a7800  414             java.math.BigInteger::primitiveLeftShift (79 bytes)
Event: 18,016 Thread 0x00007ffa8c0a7800 nmethod 414 0x00007ffa89145290 code [0x00007ffa891453e0, 0x00007ffa891455f8]
Event: 18,018 Thread 0x00007ffa8c0a4800 nmethod 413% 0x00007ffa891475d0 code [0x00007ffa89147760, 0x00007ffa89147df8]
Event: 18,018 Thread 0x00007ffa8c0a7800  415             java.math.BigInteger::squareToLen (172 bytes)
Event: 18,026 Thread 0x00007ffa8c0a7800 nmethod 415 0x00007ffa89149250 code [0x00007ffa891493c0, 0x00007ffa89149cd8]
Event: 18,027 Thread 0x00007ffa8c0a4800  416  s          java.io.BufferedOutputStream::write (35 bytes)
Event: 18,029 Thread 0x00007ffa8c0a4800 nmethod 416 0x00007ffa89148b90 code [0x00007ffa89148ce0, 0x00007ffa891490f8]
Event: 18,046 Thread 0x00007ffa8c0a7800  417   !         org.apache.tools.ant.types.Path::translatePath (161 bytes)
Event: 18,085 Thread 0x00007ffa8c0a7800 nmethod 417 0x00007ffa8914fa10 code [0x00007ffa8914fd40, 0x00007ffa89151db8]

GC Heap History (9 events):
Event: 1,168 GC heap before
{Heap before GC invocations=1 (full 0):
 PSYoungGen      total 37376K, used 32256K [0x00000007d6e00000, 0x00000007d9780000, 0x0000000800000000)
  eden space 32256K, 100% used [0x00000007d6e00000,0x00000007d8d80000,0x00000007d8d80000)
  from space 5120K, 0% used [0x00000007d9280000,0x00000007d9280000,0x00000007d9780000)
  to   space 5120K, 0% used [0x00000007d8d80000,0x00000007d8d80000,0x00000007d9280000)
 ParOldGen       total 83968K, used 0K [0x0000000784a00000, 0x0000000789c00000, 0x00000007d6e00000)
  object space 83968K, 0% used [0x0000000784a00000,0x0000000784a00000,0x0000000789c00000)
 PSPermGen       total 21504K, used 9307K [0x000000077f800000, 0x0000000780d00000, 0x0000000784a00000)
  object space 21504K, 43% used [0x000000077f800000,0x0000000780116ca0,0x0000000780d00000)
Event: 1,175 GC heap after
Heap after GC invocations=1 (full 0):
 PSYoungGen      total 37376K, used 5113K [0x00000007d6e00000, 0x00000007d9780000, 0x0000000800000000)
  eden space 32256K, 0% used [0x00000007d6e00000,0x00000007d6e00000,0x00000007d8d80000)
  from space 5120K, 99% used [0x00000007d8d80000,0x00000007d927e798,0x00000007d9280000)
  to   space 5120K, 0% used [0x00000007d9280000,0x00000007d9280000,0x00000007d9780000)
 ParOldGen       total 83968K, used 1809K [0x0000000784a00000, 0x0000000789c00000, 0x00000007d6e00000)
  object space 83968K, 2% used [0x0000000784a00000,0x0000000784bc45d8,0x0000000789c00000)
 PSPermGen       total 21504K, used 9307K [0x000000077f800000, 0x0000000780d00000, 0x0000000784a00000)
  object space 21504K, 43% used [0x000000077f800000,0x0000000780116ca0,0x0000000780d00000)
}
Event: 1,462 GC heap before
{Heap before GC invocations=2 (full 0):
 PSYoungGen      total 37376K, used 37369K [0x00000007d6e00000, 0x00000007d9780000, 0x0000000800000000)
  eden space 32256K, 100% used [0x00000007d6e00000,0x00000007d8d80000,0x00000007d8d80000)
  from space 5120K, 99% used [0x00000007d8d80000,0x00000007d927e798,0x00000007d9280000)
  to   space 5120K, 0% used [0x00000007d9280000,0x00000007d9280000,0x00000007d9780000)
 ParOldGen       total 83968K, used 1809K [0x0000000784a00000, 0x0000000789c00000, 0x00000007d6e00000)
  object space 83968K, 2% used [0x0000000784a00000,0x0000000784bc45d8,0x0000000789c00000)
 PSPermGen       total 21504K, used 10865K [0x000000077f800000, 0x0000000780d00000, 0x0000000784a00000)
  object space 21504K, 50% used [0x000000077f800000,0x000000078029c720,0x0000000780d00000)
Event: 1,467 GC heap after
Heap after GC invocations=2 (full 0):
 PSYoungGen      total 37376K, used 5096K [0x00000007d6e00000, 0x00000007db700000, 0x0000000800000000)
  eden space 32256K, 0% used [0x00000007d6e00000,0x00000007d6e00000,0x00000007d8d80000)
  from space 5120K, 99% used [0x00000007d9280000,0x00000007d977a120,0x00000007d9780000)
  to   space 5120K, 0% used [0x00000007d8d80000,0x00000007d8d80000,0x00000007d9280000)
 ParOldGen       total 83968K, used 3398K [0x0000000784a00000, 0x0000000789c00000, 0x00000007d6e00000)
  object space 83968K, 4% used [0x0000000784a00000,0x0000000784d51b30,0x0000000789c00000)
 PSPermGen       total 21504K, used 10865K [0x000000077f800000, 0x0000000780d00000, 0x0000000784a00000)
  object space 21504K, 50% used [0x000000077f800000,0x000000078029c720,0x0000000780d00000)
}
Event: 1,772 GC heap before
{Heap before GC invocations=3 (full 0):
 PSYoungGen      total 37376K, used 37352K [0x00000007d6e00000, 0x00000007db700000, 0x0000000800000000)
  eden space 32256K, 100% used [0x00000007d6e00000,0x00000007d8d80000,0x00000007d8d80000)
  from space 5120K, 99% used [0x00000007d9280000,0x00000007d977a120,0x00000007d9780000)
  to   space 5120K, 0% used [0x00000007d8d80000,0x00000007d8d80000,0x00000007d9280000)
 ParOldGen       total 83968K, used 3398K [0x0000000784a00000, 0x0000000789c00000, 0x00000007d6e00000)
  object space 83968K, 4% used [0x0000000784a00000,0x0000000784d51b30,0x0000000789c00000)
 PSPermGen       total 21504K, used 12362K [0x000000077f800000, 0x0000000780d00000, 0x0000000784a00000)
  object space 21504K, 57% used [0x000000077f800000,0x0000000780412958,0x0000000780d00000)
Event: 1,779 GC heap after
Heap after GC invocations=3 (full 0):
 PSYoungGen      total 37376K, used 5096K [0x00000007d6e00000, 0x00000007db700000, 0x0000000800000000)
  eden space 32256K, 0% used [0x00000007d6e00000,0x00000007d6e00000,0x00000007d8d80000)
  from space 5120K, 99% used [0x00000007d8d80000,0x00000007d927a208,0x00000007d9280000)
  to   space 5120K, 0% used [0x00000007db200000,0x00000007db200000,0x00000007db700000)
 ParOldGen       total 83968K, used 6885K [0x0000000784a00000, 0x0000000789c00000, 0x00000007d6e00000)
  object space 83968K, 8% used [0x0000000784a00000,0x00000007850b9670,0x0000000789c00000)
 PSPermGen       total 21504K, used 12362K [0x000000077f800000, 0x0000000780d00000, 0x0000000784a00000)
  object space 21504K, 57% used [0x000000077f800000,0x0000000780412958,0x0000000780d00000)
}
Event: 2,937 GC heap before
{Heap before GC invocations=4 (full 0):
 PSYoungGen      total 37376K, used 37352K [0x00000007d6e00000, 0x00000007db700000, 0x0000000800000000)
  eden space 32256K, 100% used [0x00000007d6e00000,0x00000007d8d80000,0x00000007d8d80000)
  from space 5120K, 99% used [0x00000007d8d80000,0x00000007d927a208,0x00000007d9280000)
  to   space 5120K, 0% used [0x00000007db200000,0x00000007db200000,0x00000007db700000)
 ParOldGen       total 83968K, used 6885K [0x0000000784a00000, 0x0000000789c00000, 0x00000007d6e00000)
  object space 83968K, 8% used [0x0000000784a00000,0x00000007850b9670,0x0000000789c00000)
 PSPermGen       total 21504K, used 14154K [0x000000077f800000, 0x0000000780d00000, 0x0000000784a00000)
  object space 21504K, 65% used [0x000000077f800000,0x00000007805d28f0,0x0000000780d00000)
Event: 2,976 GC heap after
Heap after GC invocations=4 (full 0):
 PSYoungGen      total 69632K, used 5092K [0x00000007d6e00000, 0x00000007db700000, 0x0000000800000000)
  eden space 64512K, 0% used [0x00000007d6e00000,0x00000007d6e00000,0x00000007dad00000)
  from space 5120K, 99% used [0x00000007db200000,0x00000007db6f9180,0x00000007db700000)
  to   space 5120K, 0% used [0x00000007dad00000,0x00000007dad00000,0x00000007db200000)
 ParOldGen       total 83968K, used 9852K [0x0000000784a00000, 0x0000000789c00000, 0x00000007d6e00000)
  object space 83968K, 11% used [0x0000000784a00000,0x000000078539f388,0x0000000789c00000)
 PSPermGen       total 21504K, used 14154K [0x000000077f800000, 0x0000000780d00000, 0x0000000784a00000)
  object space 21504K, 65% used [0x000000077f800000,0x00000007805d28f0,0x0000000780d00000)
}
Event: 18,099 GC heap before
{Heap before GC invocations=5 (full 0):
 PSYoungGen      total 69632K, used 69604K [0x00000007d6e00000, 0x00000007db700000, 0x0000000800000000)
  eden space 64512K, 100% used [0x00000007d6e00000,0x00000007dad00000,0x00000007dad00000)
  from space 5120K, 99% used [0x00000007db200000,0x00000007db6f9180,0x00000007db700000)
  to   space 5120K, 0% used [0x00000007dad00000,0x00000007dad00000,0x00000007db200000)
 ParOldGen       total 83968K, used 9852K [0x0000000784a00000, 0x0000000789c00000, 0x00000007d6e00000)
  object space 83968K, 11% used [0x0000000784a00000,0x000000078539f388,0x0000000789c00000)
 PSPermGen       total 21504K, used 19513K [0x000000077f800000, 0x0000000780d00000, 0x0000000784a00000)
  object space 21504K, 90% used [0x000000077f800000,0x0000000780b0e738,0x0000000780d00000)

Deoptimization events (10 events):
Event: 17,910 Thread 0x00007ffa8c00a000 Uncommon trap: reason=bimorphic action=maybe_recompile pc=0x00007ffa89135a04 method=java.io.DataOutputStream.writeBytes(Ljava/lang/String;)V @ 22
Event: 17,961 Thread 0x00007ffa8c00a000 Uncommon trap: reason=class_check action=maybe_recompile pc=0x00007ffa890cb30c method=java.util.HashMap.put(Ljava/lang/Object;Ljava/lang/Object;)Ljava/lang/Object; @ 105
Event: 17,961 Thread 0x00007ffa8c00a000 Uncommon trap: reason=class_check action=maybe_recompile pc=0x00007ffa890cb30c method=java.util.HashMap.put(Ljava/lang/Object;Ljava/lang/Object;)Ljava/lang/Object; @ 105
Event: 17,961 Thread 0x00007ffa8c00a000 Uncommon trap: reason=class_check action=maybe_recompile pc=0x00007ffa890cb30c method=java.util.HashMap.put(Ljava/lang/Object;Ljava/lang/Object;)Ljava/lang/Object; @ 105
Event: 17,961 Thread 0x00007ffa8c00a000 Uncommon trap: reason=class_check action=maybe_recompile pc=0x00007ffa890cb30c method=java.util.HashMap.put(Ljava/lang/Object;Ljava/lang/Object;)Ljava/lang/Object; @ 105
Event: 17,961 Thread 0x00007ffa8c00a000 Uncommon trap: reason=class_check action=maybe_recompile pc=0x00007ffa890ebc98 method=java.util.Collections$UnmodifiableCollection$1.<init>(Ljava/util/Collections$UnmodifiableCollection;)V @ 17
Event: 17,961 Thread 0x00007ffa8c00a000 Uncommon trap: reason=class_check action=maybe_recompile pc=0x00007ffa89074b98 method=java.util.Collections$UnmodifiableCollection$1.hasNext()Z @ 4
Event: 17,961 Thread 0x00007ffa8c00a000 Uncommon trap: reason=class_check action=maybe_recompile pc=0x00007ffa89073eb0 method=java.util.Collections$UnmodifiableCollection$1.next()Ljava/lang/Object; @ 4
Event: 18,010 Thread 0x00007ffa8c00a000 Uncommon trap: reason=unstable_if action=reinterpret pc=0x00007ffa891450cc method=java.math.BigInteger.primitiveLeftShift([III)V @ 5
Event: 18,010 Thread 0x00007ffa8c00a000 Uncommon trap: reason=unstable_if action=reinterpret pc=0x00007ffa89144844 method=java.math.BigInteger.squareToLen([II[I)[I @ 5

Internal exceptions (10 events):
Event: 16,458 Thread 0x00007ffa8c00a000 Threw 0x00000007da265f80 at /HUDSON/workspace/7u-2-build-linux-amd64/jdk7u80/2329/hotspot/src/share/vm/prims/jvm.cpp:1319
Event: 16,458 Thread 0x00007ffa8c00a000 Threw 0x00000007da268690 at /HUDSON/workspace/7u-2-build-linux-amd64/jdk7u80/2329/hotspot/src/share/vm/prims/jvm.cpp:1319
Event: 16,464 Thread 0x00007ffa8c00a000 Threw 0x00000007da2796e0 at /HUDSON/workspace/7u-2-build-linux-amd64/jdk7u80/2329/hotspot/src/share/vm/prims/jvm.cpp:1319
Event: 16,464 Thread 0x00007ffa8c00a000 Threw 0x00000007da27abd8 at /HUDSON/workspace/7u-2-build-linux-amd64/jdk7u80/2329/hotspot/src/share/vm/prims/jvm.cpp:1319
Event: 16,465 Thread 0x00007ffa8c00a000 Threw 0x00000007da27df10 at /HUDSON/workspace/7u-2-build-linux-amd64/jdk7u80/2329/hotspot/src/share/vm/prims/jvm.cpp:1319
Event: 17,361 Thread 0x00007ffa8c00a000 Threw 0x00000007da6b16a8 at /HUDSON/workspace/7u-2-build-linux-amd64/jdk7u80/2329/hotspot/src/share/vm/prims/jvm.cpp:1319
Event: 17,361 Thread 0x00007ffa8c00a000 Threw 0x00000007da6b27d0 at /HUDSON/workspace/7u-2-build-linux-amd64/jdk7u80/2329/hotspot/src/share/vm/prims/jvm.cpp:1319
Event: 17,361 Thread 0x00007ffa8c00a000 Threw 0x00000007da6b4ee0 at /HUDSON/workspace/7u-2-build-linux-amd64/jdk7u80/2329/hotspot/src/share/vm/prims/jvm.cpp:1319
Event: 17,910 Thread 0x00007ffa8c00a000 Implicit null exception at 0x00007ffa8913ab6a to 0x00007ffa8913abfd
Event: 18,010 Thread 0x00007ffa8c00a000 Implicit null exception at 0x00007ffa8914401a to 0x00007ffa89144825

Events (10 events):
Event: 18,025 loading class 0x00007ffa8c0502f0 done
Event: 18,025 loading class 0x00007ffa8c0502c0
Event: 18,026 loading class 0x00007ffa8c0502c0 done
Event: 18,046 Executing VM operation: BulkRevokeBias
Event: 18,046 Executing VM operation: BulkRevokeBias done
Event: 18,085 Thread 0x00007ffa8c0a7800 flushing nmethod 0x00007ffa89065f90
Event: 18,085 Thread 0x00007ffa8c0a7800 flushing nmethod 0x00007ffa89066e90
Event: 18,087 Thread 0x00007ffa8c325800 Thread added: 0x00007ffa8c325800
Event: 18,087 Thread 0x00007ffa8c326000 Thread added: 0x00007ffa8c326000
Event: 18,095 Executing VM operation: ParallelGCFailedAllocation


Dynamic libraries:
00400000-00401000 r-xp 00000000 08:05 799736                             /usr/lib/jvm/java-7-oracle/jre/bin/java
00600000-00601000 rw-p 00000000 08:05 799736                             /usr/lib/jvm/java-7-oracle/jre/bin/java
016cb000-016ec000 rw-p 00000000 00:00 0                                  [heap]
77f800000-780d00000 rw-p 00000000 00:00 0 
780d00000-784a00000 rw-p 00000000 00:00 0 
784a00000-789c00000 rw-p 00000000 00:00 0 
789c00000-7d6e00000 rw-p 00000000 00:00 0 
7d6e00000-7db700000 rw-p 00000000 00:00 0 
7e0000000-800000000 rw-p 00000000 00:00 0 
7ffa18000000-7ffa18021000 rw-p 00000000 00:00 0 
7ffa18021000-7ffa1c000000 ---p 00000000 00:00 0 
7ffa20000000-7ffa20021000 rw-p 00000000 00:00 0 
7ffa20021000-7ffa24000000 ---p 00000000 00:00 0 
7ffa24000000-7ffa24021000 rw-p 00000000 00:00 0 
7ffa24021000-7ffa28000000 ---p 00000000 00:00 0 
7ffa28000000-7ffa28021000 rw-p 00000000 00:00 0 
7ffa28021000-7ffa2c000000 ---p 00000000 00:00 0 
7ffa2c000000-7ffa2c021000 rw-p 00000000 00:00 0 
7ffa2c021000-7ffa30000000 ---p 00000000 00:00 0 
7ffa30000000-7ffa305f6000 rw-p 00000000 00:00 0 
7ffa305f6000-7ffa34000000 ---p 00000000 00:00 0 
7ffa34000000-7ffa34634000 rw-p 00000000 00:00 0 
7ffa34634000-7ffa38000000 ---p 00000000 00:00 0 
7ffa38000000-7ffa38021000 rw-p 00000000 00:00 0 
7ffa38021000-7ffa3c000000 ---p 00000000 00:00 0 
7ffa3c000000-7ffa3c021000 rw-p 00000000 00:00 0 
7ffa3c021000-7ffa40000000 ---p 00000000 00:00 0 
7ffa40000000-7ffa40021000 rw-p 00000000 00:00 0 
7ffa40021000-7ffa44000000 ---p 00000000 00:00 0 
7ffa47fc0000-7ffa4c000000 rw-p 00000000 00:00 0 
7ffa4c000000-7ffa4c021000 rw-p 00000000 00:00 0 
7ffa4c021000-7ffa50000000 ---p 00000000 00:00 0 
7ffa50000000-7ffa50251000 rw-p 00000000 00:00 0 
7ffa50251000-7ffa54000000 ---p 00000000 00:00 0 
7ffa54000000-7ffa54021000 rw-p 00000000 00:00 0 
7ffa54021000-7ffa58000000 ---p 00000000 00:00 0 
7ffa5c000000-7ffa5c021000 rw-p 00000000 00:00 0 
7ffa5c021000-7ffa60000000 ---p 00000000 00:00 0 
7ffa64000000-7ffa64021000 rw-p 00000000 00:00 0 
7ffa64021000-7ffa68000000 ---p 00000000 00:00 0 
7ffa6c000000-7ffa6c021000 rw-p 00000000 00:00 0 
7ffa6c021000-7ffa70000000 ---p 00000000 00:00 0 
7ffa74000000-7ffa74021000 rw-p 00000000 00:00 0 
7ffa74021000-7ffa78000000 ---p 00000000 00:00 0 
7ffa7c000000-7ffa7c021000 rw-p 00000000 00:00 0 
7ffa7c021000-7ffa80000000 ---p 00000000 00:00 0 
7ffa8316f000-7ffa83176000 r--s 00000000 08:05 1049033                    /usr/lib/x86_64-linux-gnu/gconv/gconv-modules.cache
7ffa83176000-7ffa83199000 r--p 00000000 08:05 1082428                    /usr/share/locale-langpack/it/LC_MESSAGES/libc.mo
7ffa83199000-7ffa8319d000 r--s 0008b000 08:05 800216                     /usr/lib/jvm/java-7-oracle/jre/lib/jsse.jar
7ffa8319d000-7ffa831a0000 ---p 00000000 00:00 0 
7ffa831a0000-7ffa8329e000 rw-p 00000000 00:00 0                          [stack:31436]
7ffa8329e000-7ffa832a1000 ---p 00000000 00:00 0 
7ffa832a1000-7ffa8339f000 rw-p 00000000 00:00 0                          [stack:31435]
7ffa8339f000-7ffa833a2000 ---p 00000000 00:00 0 
7ffa833a2000-7ffa833d8000 rw-p 00000000 00:00 0                          [stack:31318]
7ffa833d8000-7ffa833e2000 r--s 00253000 08:05 800504                     /usr/lib/jvm/java-7-oracle/jre/lib/resources.jar
7ffa833e2000-7ffa833e4000 r--s 00008000 08:07 6297167                    /home/chin8/Documents/work/programming/android/android-sdk-linux/tools/lib/emma_ant.jar
7ffa833e4000-7ffa833ec000 r--s 00061000 08:07 6297127                    /home/chin8/Documents/work/programming/android/android-sdk-linux/tools/lib/emma.jar
7ffa833ec000-7ffa833f1000 r--s 00044000 08:07 6297207                    /home/chin8/Documents/work/programming/android/android-sdk-linux/tools/lib/ddmlib.jar
7ffa833f1000-7ffa833f3000 r--s 00003000 08:07 6297178                    /home/chin8/Documents/work/programming/android/android-sdk-linux/tools/lib/builder-model.jar
7ffa833f3000-7ffa8340a000 r-xp 00000000 08:05 800423                     /usr/lib/jvm/java-7-oracle/jre/lib/amd64/libnet.so
7ffa8340a000-7ffa83609000 ---p 00017000 08:05 800423                     /usr/lib/jvm/java-7-oracle/jre/lib/amd64/libnet.so
7ffa83609000-7ffa8360a000 rw-p 00016000 08:05 800423                     /usr/lib/jvm/java-7-oracle/jre/lib/amd64/libnet.so
7ffa8360a000-7ffa8361a000 r-xp 00000000 08:05 800462                     /usr/lib/jvm/java-7-oracle/jre/lib/amd64/libnio.so
7ffa8361a000-7ffa8381a000 ---p 00010000 08:05 800462                     /usr/lib/jvm/java-7-oracle/jre/lib/amd64/libnio.so
7ffa8381a000-7ffa8381b000 rw-p 00010000 08:05 800462                     /usr/lib/jvm/java-7-oracle/jre/lib/amd64/libnio.so
7ffa8381b000-7ffa8381c000 ---p 00000000 00:00 0 
7ffa8381c000-7ffa8391c000 rw-p 00000000 00:00 0                          [stack:31310]
7ffa8391c000-7ffa84000000 r--p 00000000 08:05 792063                     /usr/lib/locale/locale-archive
7ffa84000000-7ffa84021000 rw-p 00000000 00:00 0 
7ffa84021000-7ffa88000000 ---p 00000000 00:00 0 
7ffa88000000-7ffa88001000 rw-p 00000000 00:00 0 
7ffa88001000-7ffa8800a000 r--s 00071000 08:07 6297191                    /home/chin8/Documents/work/programming/android/android-sdk-linux/tools/lib/sdk-common.jar
7ffa8800a000-7ffa8800c000 r--s 0000d000 08:07 6297166                    /home/chin8/Documents/work/programming/android/android-sdk-linux/tools/lib/commons-codec-1.4.jar
7ffa8800c000-7ffa8800e000 r--s 0000d000 08:07 6297230                    /home/chin8/Documents/work/programming/android/android-sdk-linux/tools/lib/commons-logging-1.1.1.jar
7ffa8800e000-7ffa88013000 r--s 00028000 08:07 6297211                    /home/chin8/Documents/work/programming/android/android-sdk-linux/tools/lib/httpcore-4.1.jar
7ffa88013000-7ffa88015000 r--s 00005000 08:07 6297195                    /home/chin8/Documents/work/programming/android/android-sdk-linux/tools/lib/httpmime-4.1.jar
7ffa88015000-7ffa8801d000 r--s 0004e000 08:07 6297181                    /home/chin8/Documents/work/programming/android/android-sdk-linux/tools/lib/httpclient-4.1.1.jar
7ffa8801d000-7ffa88024000 r--s 00053000 08:07 6297204                    /home/chin8/Documents/work/programming/android/android-sdk-linux/tools/lib/commons-compress-1.8.1.jar
7ffa88024000-7ffa88029000 r--s 0002a000 08:07 6297216                    /home/chin8/Documents/work/programming/android/android-sdk-linux/tools/lib/gson-2.2.4.jar
7ffa88029000-7ffa8802a000 r--s 00004000 08:07 6297239                    /home/chin8/Documents/work/programming/android/android-sdk-linux/tools/lib/dvlib.jar
7ffa8802a000-7ffa8802b000 r--s 00004000 08:07 6297231                    /home/chin8/Documents/work/programming/android/android-sdk-linux/tools/lib/annotations-12.0.jar
7ffa8802b000-7ffa8802e000 r--s 00012000 08:07 6297173                    /home/chin8/Documents/work/programming/android/android-sdk-linux/tools/lib/layoutlib-api.jar
7ffa8802e000-7ffa88038000 r--s 000a8000 08:07 6297241                    /home/chin8/Documents/work/programming/android/android-sdk-linux/tools/lib/sdklib.jar
7ffa88038000-7ffa88063000 r--s 001f9000 08:07 6297177                    /home/chin8/Documents/work/programming/android/android-sdk-linux/tools/lib/guava-17.0.jar
7ffa88063000-7ffa88065000 r--s 00000000 08:07 6297209                    /home/chin8/Documents/work/programming/android/android-sdk-linux/tools/lib/annotations.jar
7ffa88065000-7ffa88067000 r--s 00014000 08:07 6297197                    /home/chin8/Documents/work/programming/android/android-sdk-linux/tools/lib/common.jar
7ffa88067000-7ffa880d2000 r--s 00e21000 08:05 825791                     /usr/lib/jvm/java-7-oracle/lib/tools.jar
7ffa880d2000-7ffa880f1000 r--s 001cc000 08:05 1052835                    /usr/share/java/ant-1.9.3.jar
7ffa880f1000-7ffa880f4000 ---p 00000000 00:00 0 
7ffa880f4000-7ffa881f2000 rw-p 00000000 00:00 0                          [stack:31309]
7ffa881f2000-7ffa881f5000 ---p 00000000 00:00 0 
7ffa881f5000-7ffa882f3000 rw-p 00000000 00:00 0                          [stack:31308]
7ffa882f3000-7ffa882f6000 ---p 00000000 00:00 0 
7ffa882f6000-7ffa883f4000 rw-p 00000000 00:00 0                          [stack:31307]
7ffa883f4000-7ffa883f7000 ---p 00000000 00:00 0 
7ffa883f7000-7ffa884f5000 rw-p 00000000 00:00 0                          [stack:31306]
7ffa884f5000-7ffa884f8000 ---p 00000000 00:00 0 
7ffa884f8000-7ffa885f6000 rw-p 00000000 00:00 0                          [stack:31305]
7ffa885f6000-7ffa885f9000 ---p 00000000 00:00 0 
7ffa885f9000-7ffa886f7000 rw-p 00000000 00:00 0                          [stack:31304]
7ffa886f7000-7ffa886f8000 ---p 00000000 00:00 0 
7ffa886f8000-7ffa89000000 rw-p 00000000 00:00 0                          [stack:31303]
7ffa89000000-7ffa89270000 rwxp 00000000 00:00 0 
7ffa89270000-7ffa8c948000 rw-p 00000000 00:00 0 
7ffa8c948000-7ffa90000000 ---p 00000000 00:00 0 
7ffa90000000-7ffa90001000 r--s 0000a000 08:07 6297218                    /home/chin8/Documents/work/programming/android/android-sdk-linux/tools/lib/kxml2-2.3.0.jar
7ffa90001000-7ffa90004000 r--s 00026000 08:07 6297179                    /home/chin8/Documents/work/programming/android/android-sdk-linux/tools/lib/manifest-merger.jar
7ffa90004000-7ffa90006000 r--s 00017000 08:07 6297171                    /home/chin8/Documents/work/programming/android/android-sdk-linux/tools/lib/ant-tasks.jar
7ffa90006000-7ffa90007000 r--s 00002000 08:05 1067725                    /usr/share/java/ant-commons-logging-1.9.3.jar
7ffa90007000-7ffa9000a000 r--s 00014000 08:05 1067718                    /usr/share/java/ant-commons-net-1.9.3.jar
7ffa9000a000-7ffa9000b000 r--s 00003000 08:05 1067722                    /usr/share/java/ant-jdepend-1.9.3.jar
7ffa9000b000-7ffa9000d000 r--s 00002000 08:05 1067719                    /usr/share/java/ant-junit4-1.9.3.jar
7ffa9000d000-7ffa9000e000 r--s 00003000 08:05 1067717                    /usr/share/java/ant-apache-bcel-1.9.3.jar
7ffa9000e000-7ffa90027000 r--s 00132000 08:05 1045466                    /usr/share/java/xercesImpl-2.11.0.jar
7ffa90027000-7ffa914ae000 rw-p 00000000 00:00 0 
7ffa914ae000-7ffa9166e000 r--s 039fb000 08:05 800221                     /usr/lib/jvm/java-7-oracle/jre/lib/rt.jar
7ffa9166e000-7ffa91b94000 rw-p 00000000 00:00 0 
7ffa91b94000-7ffa91b95000 ---p 00000000 00:00 0 
7ffa91b95000-7ffa91c95000 rw-p 00000000 00:00 0                          [stack:31302]
7ffa91c95000-7ffa91c96000 ---p 00000000 00:00 0 
7ffa91c96000-7ffa91d96000 rw-p 00000000 00:00 0                          [stack:31301]
7ffa91d96000-7ffa91d97000 ---p 00000000 00:00 0 
7ffa91d97000-7ffa91e97000 rw-p 00000000 00:00 0                          [stack:31300]
7ffa91e97000-7ffa91e98000 ---p 00000000 00:00 0 
7ffa91e98000-7ffa91f98000 rw-p 00000000 00:00 0                          [stack:31299]
7ffa91f98000-7ffa91f99000 ---p 00000000 00:00 0 
7ffa91f99000-7ffa92099000 rw-p 00000000 00:00 0                          [stack:31298]
7ffa92099000-7ffa9209a000 ---p 00000000 00:00 0 
7ffa9209a000-7ffa9219a000 rw-p 00000000 00:00 0                          [stack:31297]
7ffa9219a000-7ffa9219b000 ---p 00000000 00:00 0 
7ffa9219b000-7ffa9229b000 rw-p 00000000 00:00 0                          [stack:31296]
7ffa9229b000-7ffa9229c000 ---p 00000000 00:00 0 
7ffa9229c000-7ffa923a7000 rw-p 00000000 00:00 0                          [stack:31295]
7ffa923a7000-7ffa923c5000 rw-p 00000000 00:00 0 
7ffa923c5000-7ffa923ee000 rw-p 00000000 00:00 0 
7ffa923ee000-7ffa92657000 rw-p 00000000 00:00 0 
7ffa92657000-7ffa92662000 rw-p 00000000 00:00 0 
7ffa92662000-7ffa92680000 rw-p 00000000 00:00 0 
7ffa92680000-7ffa926a9000 rw-p 00000000 00:00 0 
7ffa926a9000-7ffa92912000 rw-p 00000000 00:00 0 
7ffa92912000-7ffa92937000 rw-p 00000000 00:00 0 
7ffa92937000-7ffa92a5b000 rw-p 00000000 00:00 0 
7ffa92a5b000-7ffa92a5c000 rw-p 00000000 00:00 0 
7ffa92a5c000-7ffa92a73000 r-xp 00000000 08:05 800459                     /usr/lib/jvm/java-7-oracle/jre/lib/amd64/libzip.so
7ffa92a73000-7ffa92c73000 ---p 00017000 08:05 800459                     /usr/lib/jvm/java-7-oracle/jre/lib/amd64/libzip.so
7ffa92c73000-7ffa92c74000 rw-p 00017000 08:05 800459                     /usr/lib/jvm/java-7-oracle/jre/lib/amd64/libzip.so
7ffa92c74000-7ffa92c7f000 r-xp 00000000 08:05 168939                     /lib/x86_64-linux-gnu/libnss_files-2.19.so
7ffa92c7f000-7ffa92e7e000 ---p 0000b000 08:05 168939                     /lib/x86_64-linux-gnu/libnss_files-2.19.so
7ffa92e7e000-7ffa92e7f000 r--p 0000a000 08:05 168939                     /lib/x86_64-linux-gnu/libnss_files-2.19.so
7ffa92e7f000-7ffa92e80000 rw-p 0000b000 08:05 168939                     /lib/x86_64-linux-gnu/libnss_files-2.19.so
7ffa92e80000-7ffa92e8b000 r-xp 00000000 08:05 168966                     /lib/x86_64-linux-gnu/libnss_nis-2.19.so
7ffa92e8b000-7ffa9308a000 ---p 0000b000 08:05 168966                     /lib/x86_64-linux-gnu/libnss_nis-2.19.so
7ffa9308a000-7ffa9308b000 r--p 0000a000 08:05 168966                     /lib/x86_64-linux-gnu/libnss_nis-2.19.so
7ffa9308b000-7ffa9308c000 rw-p 0000b000 08:05 168966                     /lib/x86_64-linux-gnu/libnss_nis-2.19.so
7ffa9308c000-7ffa930a3000 r-xp 00000000 08:05 168951                     /lib/x86_64-linux-gnu/libnsl-2.19.so
7ffa930a3000-7ffa932a2000 ---p 00017000 08:05 168951                     /lib/x86_64-linux-gnu/libnsl-2.19.so
7ffa932a2000-7ffa932a3000 r--p 00016000 08:05 168951                     /lib/x86_64-linux-gnu/libnsl-2.19.so
7ffa932a3000-7ffa932a4000 rw-p 00017000 08:05 168951                     /lib/x86_64-linux-gnu/libnsl-2.19.so
7ffa932a4000-7ffa932a6000 rw-p 00000000 00:00 0 
7ffa932a6000-7ffa932af000 r-xp 00000000 08:05 168950                     /lib/x86_64-linux-gnu/libnss_compat-2.19.so
7ffa932af000-7ffa934ae000 ---p 00009000 08:05 168950                     /lib/x86_64-linux-gnu/libnss_compat-2.19.so
7ffa934ae000-7ffa934af000 r--p 00008000 08:05 168950                     /lib/x86_64-linux-gnu/libnss_compat-2.19.so
7ffa934af000-7ffa934b0000 rw-p 00009000 08:05 168950                     /lib/x86_64-linux-gnu/libnss_compat-2.19.so
7ffa934b0000-7ffa934d9000 r-xp 00000000 08:05 800418                     /usr/lib/jvm/java-7-oracle/jre/lib/amd64/libjava.so
7ffa934d9000-7ffa936d9000 ---p 00029000 08:05 800418                     /usr/lib/jvm/java-7-oracle/jre/lib/amd64/libjava.so
7ffa936d9000-7ffa936db000 rw-p 00029000 08:05 800418                     /usr/lib/jvm/java-7-oracle/jre/lib/amd64/libjava.so
7ffa936db000-7ffa936e8000 r-xp 00000000 08:05 800442                     /usr/lib/jvm/java-7-oracle/jre/lib/amd64/libverify.so
7ffa936e8000-7ffa938e7000 ---p 0000d000 08:05 800442                     /usr/lib/jvm/java-7-oracle/jre/lib/amd64/libverify.so
7ffa938e7000-7ffa938e9000 rw-p 0000c000 08:05 800442                     /usr/lib/jvm/java-7-oracle/jre/lib/amd64/libverify.so
7ffa938e9000-7ffa938f0000 r-xp 00000000 08:05 168962                     /lib/x86_64-linux-gnu/librt-2.19.so
7ffa938f0000-7ffa93aef000 ---p 00007000 08:05 168962                     /lib/x86_64-linux-gnu/librt-2.19.so
7ffa93aef000-7ffa93af0000 r--p 00006000 08:05 168962                     /lib/x86_64-linux-gnu/librt-2.19.so
7ffa93af0000-7ffa93af1000 rw-p 00007000 08:05 168962                     /lib/x86_64-linux-gnu/librt-2.19.so
7ffa93af1000-7ffa93bf6000 r-xp 00000000 08:05 133322                     /lib/x86_64-linux-gnu/libm-2.19.so
7ffa93bf6000-7ffa93df5000 ---p 00105000 08:05 133322                     /lib/x86_64-linux-gnu/libm-2.19.so
7ffa93df5000-7ffa93df6000 r--p 00104000 08:05 133322                     /lib/x86_64-linux-gnu/libm-2.19.so
7ffa93df6000-7ffa93df7000 rw-p 00105000 08:05 133322                     /lib/x86_64-linux-gnu/libm-2.19.so
7ffa93df7000-7ffa9496d000 r-xp 00000000 08:05 800435                     /usr/lib/jvm/java-7-oracle/jre/lib/amd64/server/libjvm.so
7ffa9496d000-7ffa94b6c000 ---p 00b76000 08:05 800435                     /usr/lib/jvm/java-7-oracle/jre/lib/amd64/server/libjvm.so
7ffa94b6c000-7ffa94c30000 rw-p 00b75000 08:05 800435                     /usr/lib/jvm/java-7-oracle/jre/lib/amd64/server/libjvm.so
7ffa94c30000-7ffa94c71000 rw-p 00000000 00:00 0 
7ffa94c71000-7ffa94e2c000 r-xp 00000000 08:05 168958                     /lib/x86_64-linux-gnu/libc-2.19.so
7ffa94e2c000-7ffa9502b000 ---p 001bb000 08:05 168958                     /lib/x86_64-linux-gnu/libc-2.19.so
7ffa9502b000-7ffa9502f000 r--p 001ba000 08:05 168958                     /lib/x86_64-linux-gnu/libc-2.19.so
7ffa9502f000-7ffa95031000 rw-p 001be000 08:05 168958                     /lib/x86_64-linux-gnu/libc-2.19.so
7ffa95031000-7ffa95036000 rw-p 00000000 00:00 0 
7ffa95036000-7ffa95039000 r-xp 00000000 08:05 168943                     /lib/x86_64-linux-gnu/libdl-2.19.so
7ffa95039000-7ffa95238000 ---p 00003000 08:05 168943                     /lib/x86_64-linux-gnu/libdl-2.19.so
7ffa95238000-7ffa95239000 r--p 00002000 08:05 168943                     /lib/x86_64-linux-gnu/libdl-2.19.so
7ffa95239000-7ffa9523a000 rw-p 00003000 08:05 168943                     /lib/x86_64-linux-gnu/libdl-2.19.so
7ffa9523a000-7ffa9524f000 r-xp 00000000 08:05 800415                     /usr/lib/jvm/java-7-oracle/jre/lib/amd64/jli/libjli.so
7ffa9524f000-7ffa9544e000 ---p 00015000 08:05 800415                     /usr/lib/jvm/java-7-oracle/jre/lib/amd64/jli/libjli.so
7ffa9544e000-7ffa9544f000 rw-p 00014000 08:05 800415                     /usr/lib/jvm/java-7-oracle/jre/lib/amd64/jli/libjli.so
7ffa9544f000-7ffa95468000 r-xp 00000000 08:05 168959                     /lib/x86_64-linux-gnu/libpthread-2.19.so
7ffa95468000-7ffa95667000 ---p 00019000 08:05 168959                     /lib/x86_64-linux-gnu/libpthread-2.19.so
7ffa95667000-7ffa95668000 r--p 00018000 08:05 168959                     /lib/x86_64-linux-gnu/libpthread-2.19.so
7ffa95668000-7ffa95669000 rw-p 00019000 08:05 168959                     /lib/x86_64-linux-gnu/libpthread-2.19.so
7ffa95669000-7ffa9566d000 rw-p 00000000 00:00 0 
7ffa9566d000-7ffa95690000 r-xp 00000000 08:05 168954                     /lib/x86_64-linux-gnu/ld-2.19.so
7ffa95690000-7ffa95691000 r--s 00002000 08:05 1067712                    /usr/share/java/ant-antlr-1.9.3.jar
7ffa95691000-7ffa95692000 r--s 00001000 08:05 1067721                    /usr/share/java/ant-apache-xalan2-1.9.3.jar
7ffa95692000-7ffa95693000 r--s 00002000 08:05 1067715                    /usr/share/java/ant-apache-oro-1.9.3.jar
7ffa95693000-7ffa95694000 r--s 00004000 08:05 1052836                    /usr/share/java/ant-launcher-1.9.3.jar
7ffa95694000-7ffa95696000 r--s 0000a000 08:05 1067710                    /usr/share/java/ant-jsch-1.9.3.jar
7ffa95696000-7ffa95699000 r--s 0001a000 08:05 1067723                    /usr/share/java/ant-junit-1.9.3.jar
7ffa95699000-7ffa9569a000 r--s 00003000 08:05 1067708                    /usr/share/java/ant-swing-1.9.3.jar
7ffa9569a000-7ffa9569b000 r--s 00002000 08:05 1067724                    /usr/share/java/ant-apache-resolver-1.9.3.jar
7ffa9569b000-7ffa9569d000 r--s 00001000 08:05 1067709                    /usr/share/java/ant-apache-log4j-1.9.3.jar
7ffa9569d000-7ffa9569f000 r--s 00002000 08:05 1067714                    /usr/share/java/ant-jmf-1.9.3.jar
7ffa9569f000-7ffa956a8000 r--s 00031000 08:05 1045442                    /usr/share/java/xml-apis-1.4.01.jar
7ffa956a8000-7ffa956b2000 rw-p 00000000 00:00 0 
7ffa956b2000-7ffa95768000 rw-p 00000000 00:00 0 
7ffa95768000-7ffa9576b000 ---p 00000000 00:00 0 
7ffa9576b000-7ffa9586d000 rw-p 00000000 00:00 0                          [stack:31294]
7ffa9586d000-7ffa9586e000 r--s 00003000 08:05 1067716                    /usr/share/java/ant-javamail-1.9.3.jar
7ffa9586e000-7ffa9586f000 r--s 00002000 08:05 1067711                    /usr/share/java/ant-apache-regexp-1.9.3.jar
7ffa9586f000-7ffa95870000 r--s 00002000 08:05 1067713                    /usr/share/java/ant-apache-bsf-1.9.3.jar
7ffa95870000-7ffa95872000 r--s 00004000 08:05 1067720                    /usr/share/java/ant-testutil-1.9.3.jar
7ffa95872000-7ffa95874000 r--s 00015000 08:05 1045431                    /usr/share/java/xml-resolver-1.2.jar
7ffa95874000-7ffa95879000 r--s 00010000 08:05 1045441                    /usr/share/java/xml-apis-ext-1.4.01.jar
7ffa95879000-7ffa95882000 r--s 00031000 08:05 1045442                    /usr/share/java/xml-apis-1.4.01.jar
7ffa95882000-7ffa95883000 r--s 00004000 08:05 1052836                    /usr/share/java/ant-launcher-1.9.3.jar
7ffa95883000-7ffa9588b000 rw-s 00000000 08:05 1095831                    /tmp/hsperfdata_chin8/31292
7ffa9588b000-7ffa9588c000 rw-p 00000000 00:00 0 
7ffa9588c000-7ffa9588d000 ---p 00000000 00:00 0 
7ffa9588d000-7ffa9588f000 rw-p 00000000 00:00 0 
7ffa9588f000-7ffa95890000 r--p 00022000 08:05 168954                     /lib/x86_64-linux-gnu/ld-2.19.so
7ffa95890000-7ffa95891000 rw-p 00023000 08:05 168954                     /lib/x86_64-linux-gnu/ld-2.19.so
7ffa95891000-7ffa95892000 rw-p 00000000 00:00 0 
7fff0197f000-7fff019a1000 rw-p 00000000 00:00 0                          [stack]
7fff019df000-7fff019e1000 r-xp 00000000 00:00 0                          [vdso]
ffffffffff600000-ffffffffff601000 r-xp 00000000 00:00 0                  [vsyscall]

VM Arguments:
jvm_args: -Dant.home=/usr/share/ant -Dant.library.dir=/usr/share/ant/lib 
java_command: org.apache.tools.ant.launch.Launcher -cp  debug -f /home/chin8/Documents/work/viaggia/sco.viaggia/viaggia-mobile/platforms/android/build.xml -Dout.dir=ant-build -Dgen.absolute.dir=ant-gen
Launcher Type: SUN_STANDARD

Environment Variables:
JAVA_HOME=/usr/lib/jvm/java-7-oracle
PATH=/home/chin8/Documents/work/programming/android/android-sdk-linux/tools/:/home/chin8/Documents/work/programming/android/android-sdk-linux/platform-tools/:/usr/local/sbin:/usr/local/bin:/usr/sbin:/usr/bin:/sbin:/bin:/usr/games:/usr/local/games
SHELL=/bin/bash
DISPLAY=:0

Signal Handlers:
SIGSEGV: [libjvm.so+0x9a3b20], sa_mask[0]=0x7ffbfeff, sa_flags=0x10000004
SIGBUS: [libjvm.so+0x9a3b20], sa_mask[0]=0x7ffbfeff, sa_flags=0x10000004
SIGFPE: [libjvm.so+0x81e740], sa_mask[0]=0x7ffbfeff, sa_flags=0x10000004
SIGPIPE: [libjvm.so+0x81e740], sa_mask[0]=0x7ffbfeff, sa_flags=0x10000004
SIGXFSZ: [libjvm.so+0x81e740], sa_mask[0]=0x7ffbfeff, sa_flags=0x10000004
SIGILL: [libjvm.so+0x81e740], sa_mask[0]=0x7ffbfeff, sa_flags=0x10000004
SIGUSR1: SIG_DFL, sa_mask[0]=0x00000000, sa_flags=0x00000000
SIGUSR2: [libjvm.so+0x81ffb0], sa_mask[0]=0x00000000, sa_flags=0x10000004
SIGHUP: [libjvm.so+0x8210d0], sa_mask[0]=0x7ffbfeff, sa_flags=0x10000004
SIGINT: [libjvm.so+0x8210d0], sa_mask[0]=0x7ffbfeff, sa_flags=0x10000004
SIGTERM: [libjvm.so+0x8210d0], sa_mask[0]=0x7ffbfeff, sa_flags=0x10000004
SIGQUIT: [libjvm.so+0x8210d0], sa_mask[0]=0x7ffbfeff, sa_flags=0x10000004


---------------  S Y S T E M  ---------------

OS:jessie/sid

uname:Linux 3.13.0-55-generic #94-Ubuntu SMP Thu Jun 18 00:27:10 UTC 2015 x86_64
libc:glibc 2.19 NPTL 2.19 
rlimit: STACK 8192k, CORE 0k, NPROC 62953, NOFILE 4096, AS infinity
load average:3,21 1,69 1,52

/proc/meminfo:
MemTotal:        8079704 kB
MemFree:          102032 kB
Buffers:             604 kB
Cached:          2011824 kB
SwapCached:        15100 kB
Active:          6364268 kB
Inactive:        1278296 kB
Active(anon):    6349276 kB
Inactive(anon):  1262764 kB
Active(file):      14992 kB
Inactive(file):    15532 kB
Unevictable:         400 kB
Mlocked:             400 kB
SwapTotal:       2047996 kB
SwapFree:              0 kB
Dirty:                 0 kB
Writeback:            36 kB
AnonPages:       5616712 kB
Mapped:           841316 kB
Shmem:           1982576 kB
Slab:             116396 kB
SReclaimable:      45728 kB
SUnreclaim:        70668 kB
KernelStack:        8304 kB
PageTables:        92796 kB
NFS_Unstable:          0 kB
Bounce:                0 kB
WritebackTmp:          0 kB
CommitLimit:     6087848 kB
Committed_AS:   21056984 kB
VmallocTotal:   34359738367 kB
VmallocUsed:      374884 kB
VmallocChunk:   34359335420 kB
HardwareCorrupted:     0 kB
AnonHugePages:    329728 kB
HugePages_Total:       0
HugePages_Free:        0
HugePages_Rsvd:        0
HugePages_Surp:        0
Hugepagesize:       2048 kB
DirectMap4k:      118404 kB
DirectMap2M:     6076416 kB
DirectMap1G:     2097152 kB


CPU:total 8 (4 cores per cpu, 2 threads per core) family 6 model 60 stepping 3, cmov, cx8, fxsr, mmx, sse, sse2, sse3, ssse3, sse4.1, sse4.2, popcnt, avx, avx2, aes, erms, ht, tsc, tscinvbit

/proc/cpuinfo:
processor	: 0
vendor_id	: GenuineIntel
cpu family	: 6
model		: 60
model name	: Intel(R) Core(TM) i7-4810MQ CPU @ 2.80GHz
stepping	: 3
microcode	: 0x1c
cpu MHz		: 2801.000
cache size	: 6144 KB
physical id	: 0
siblings	: 8
core id		: 0
cpu cores	: 4
apicid		: 0
initial apicid	: 0
fpu		: yes
fpu_exception	: yes
cpuid level	: 13
wp		: yes
flags		: fpu vme de pse tsc msr pae mce cx8 apic sep mtrr pge mca cmov pat pse36 clflush dts acpi mmx fxsr sse sse2 ss ht tm pbe syscall nx pdpe1gb rdtscp lm constant_tsc arch_perfmon pebs bts rep_good nopl xtopology nonstop_tsc aperfmperf eagerfpu pni pclmulqdq dtes64 monitor ds_cpl vmx smx est tm2 ssse3 fma cx16 xtpr pdcm pcid sse4_1 sse4_2 x2apic movbe popcnt tsc_deadline_timer aes xsave avx f16c rdrand lahf_lm abm ida arat epb xsaveopt pln pts dtherm tpr_shadow vnmi flexpriority ept vpid fsgsbase tsc_adjust bmi1 avx2 smep bmi2 erms invpcid
bogomips	: 5586.92
clflush size	: 64
cache_alignment	: 64
address sizes	: 39 bits physical, 48 bits virtual
power management:

processor	: 1
vendor_id	: GenuineIntel
cpu family	: 6
model		: 60
model name	: Intel(R) Core(TM) i7-4810MQ CPU @ 2.80GHz
stepping	: 3
microcode	: 0x1c
cpu MHz		: 2801.000
cache size	: 6144 KB
physical id	: 0
siblings	: 8
core id		: 1
cpu cores	: 4
apicid		: 2
initial apicid	: 2
fpu		: yes
fpu_exception	: yes
cpuid level	: 13
wp		: yes
flags		: fpu vme de pse tsc msr pae mce cx8 apic sep mtrr pge mca cmov pat pse36 clflush dts acpi mmx fxsr sse sse2 ss ht tm pbe syscall nx pdpe1gb rdtscp lm constant_tsc arch_perfmon pebs bts rep_good nopl xtopology nonstop_tsc aperfmperf eagerfpu pni pclmulqdq dtes64 monitor ds_cpl vmx smx est tm2 ssse3 fma cx16 xtpr pdcm pcid sse4_1 sse4_2 x2apic movbe popcnt tsc_deadline_timer aes xsave avx f16c rdrand lahf_lm abm ida arat epb xsaveopt pln pts dtherm tpr_shadow vnmi flexpriority ept vpid fsgsbase tsc_adjust bmi1 avx2 smep bmi2 erms invpcid
bogomips	: 5586.92
clflush size	: 64
cache_alignment	: 64
address sizes	: 39 bits physical, 48 bits virtual
power management:

processor	: 2
vendor_id	: GenuineIntel
cpu family	: 6
model		: 60
model name	: Intel(R) Core(TM) i7-4810MQ CPU @ 2.80GHz
stepping	: 3
microcode	: 0x1c
cpu MHz		: 2700.000
cache size	: 6144 KB
physical id	: 0
siblings	: 8
core id		: 2
cpu cores	: 4
apicid		: 4
initial apicid	: 4
fpu		: yes
fpu_exception	: yes
cpuid level	: 13
wp		: yes
flags		: fpu vme de pse tsc msr pae mce cx8 apic sep mtrr pge mca cmov pat pse36 clflush dts acpi mmx fxsr sse sse2 ss ht tm pbe syscall nx pdpe1gb rdtscp lm constant_tsc arch_perfmon pebs bts rep_good nopl xtopology nonstop_tsc aperfmperf eagerfpu pni pclmulqdq dtes64 monitor ds_cpl vmx smx est tm2 ssse3 fma cx16 xtpr pdcm pcid sse4_1 sse4_2 x2apic movbe popcnt tsc_deadline_timer aes xsave avx f16c rdrand lahf_lm abm ida arat epb xsaveopt pln pts dtherm tpr_shadow vnmi flexpriority ept vpid fsgsbase tsc_adjust bmi1 avx2 smep bmi2 erms invpcid
bogomips	: 5586.92
clflush size	: 64
cache_alignment	: 64
address sizes	: 39 bits physical, 48 bits virtual
power management:

processor	: 3
vendor_id	: GenuineIntel
cpu family	: 6
model		: 60
model name	: Intel(R) Core(TM) i7-4810MQ CPU @ 2.80GHz
stepping	: 3
microcode	: 0x1c
cpu MHz		: 1400.000
cache size	: 6144 KB
physical id	: 0
siblings	: 8
core id		: 3
cpu cores	: 4
apicid		: 6
initial apicid	: 6
fpu		: yes
fpu_exception	: yes
cpuid level	: 13
wp		: yes
flags		: fpu vme de pse tsc msr pae mce cx8 apic sep mtrr pge mca cmov pat pse36 clflush dts acpi mmx fxsr sse sse2 ss ht tm pbe syscall nx pdpe1gb rdtscp lm constant_tsc arch_perfmon pebs bts rep_good nopl xtopology nonstop_tsc aperfmperf eagerfpu pni pclmulqdq dtes64 monitor ds_cpl vmx smx est tm2 ssse3 fma cx16 xtpr pdcm pcid sse4_1 sse4_2 x2apic movbe popcnt tsc_deadline_timer aes xsave avx f16c rdrand lahf_lm abm ida arat epb xsaveopt pln pts dtherm tpr_shadow vnmi flexpriority ept vpid fsgsbase tsc_adjust bmi1 avx2 smep bmi2 erms invpcid
bogomips	: 5586.92
clflush size	: 64
cache_alignment	: 64
address sizes	: 39 bits physical, 48 bits virtual
power management:

processor	: 4
vendor_id	: GenuineIntel
cpu family	: 6
model		: 60
model name	: Intel(R) Core(TM) i7-4810MQ CPU @ 2.80GHz
stepping	: 3
microcode	: 0x1c
cpu MHz		: 800.000
cache size	: 6144 KB
physical id	: 0
siblings	: 8
core id		: 0
cpu cores	: 4
apicid		: 1
initial apicid	: 1
fpu		: yes
fpu_exception	: yes
cpuid level	: 13
wp		: yes
flags		: fpu vme de pse tsc msr pae mce cx8 apic sep mtrr pge mca cmov pat pse36 clflush dts acpi mmx fxsr sse sse2 ss ht tm pbe syscall nx pdpe1gb rdtscp lm constant_tsc arch_perfmon pebs bts rep_good nopl xtopology nonstop_tsc aperfmperf eagerfpu pni pclmulqdq dtes64 monitor ds_cpl vmx smx est tm2 ssse3 fma cx16 xtpr pdcm pcid sse4_1 sse4_2 x2apic movbe popcnt tsc_deadline_timer aes xsave avx f16c rdrand lahf_lm abm ida arat epb xsaveopt pln pts dtherm tpr_shadow vnmi flexpriority ept vpid fsgsbase tsc_adjust bmi1 avx2 smep bmi2 erms invpcid
bogomips	: 5586.92
clflush size	: 64
cache_alignment	: 64
address sizes	: 39 bits physical, 48 bits virtual
power management:

processor	: 5
vendor_id	: GenuineIntel
cpu family	: 6
model		: 60
model name	: Intel(R) Core(TM) i7-4810MQ CPU @ 2.80GHz
stepping	: 3
microcode	: 0x1c
cpu MHz		: 2801.000
cache size	: 6144 KB
physical id	: 0
siblings	: 8
core id		: 1
cpu cores	: 4
apicid		: 3
initial apicid	: 3
fpu		: yes
fpu_exception	: yes
cpuid level	: 13
wp		: yes
flags		: fpu vme de pse tsc msr pae mce cx8 apic sep mtrr pge mca cmov pat pse36 clflush dts acpi mmx fxsr sse sse2 ss ht tm pbe syscall nx pdpe1gb rdtscp lm constant_tsc arch_perfmon pebs bts rep_good nopl xtopology nonstop_tsc aperfmperf eagerfpu pni pclmulqdq dtes64 monitor ds_cpl vmx smx est tm2 ssse3 fma cx16 xtpr pdcm pcid sse4_1 sse4_2 x2apic movbe popcnt tsc_deadline_timer aes xsave avx f16c rdrand lahf_lm abm ida arat epb xsaveopt pln pts dtherm tpr_shadow vnmi flexpriority ept vpid fsgsbase tsc_adjust bmi1 avx2 smep bmi2 erms invpcid
bogomips	: 5586.92
clflush size	: 64
cache_alignment	: 64
address sizes	: 39 bits physical, 48 bits virtual
power management:

processor	: 6
vendor_id	: GenuineIntel
cpu family	: 6
model		: 60
model name	: Intel(R) Core(TM) i7-4810MQ CPU @ 2.80GHz
stepping	: 3
microcode	: 0x1c
cpu MHz		: 800.000
cache size	: 6144 KB
physical id	: 0
siblings	: 8
core id		: 2
cpu cores	: 4
apicid		: 5
initial apicid	: 5
fpu		: yes
fpu_exception	: yes
cpuid level	: 13
wp		: yes
flags		: fpu vme de pse tsc msr pae mce cx8 apic sep mtrr pge mca cmov pat pse36 clflush dts acpi mmx fxsr sse sse2 ss ht tm pbe syscall nx pdpe1gb rdtscp lm constant_tsc arch_perfmon pebs bts rep_good nopl xtopology nonstop_tsc aperfmperf eagerfpu pni pclmulqdq dtes64 monitor ds_cpl vmx smx est tm2 ssse3 fma cx16 xtpr pdcm pcid sse4_1 sse4_2 x2apic movbe popcnt tsc_deadline_timer aes xsave avx f16c rdrand lahf_lm abm ida arat epb xsaveopt pln pts dtherm tpr_shadow vnmi flexpriority ept vpid fsgsbase tsc_adjust bmi1 avx2 smep bmi2 erms invpcid
bogomips	: 5586.92
clflush size	: 64
cache_alignment	: 64
address sizes	: 39 bits physical, 48 bits virtual
power management:

processor	: 7
vendor_id	: GenuineIntel
cpu family	: 6
model		: 60
model name	: Intel(R) Core(TM) i7-4810MQ CPU @ 2.80GHz
stepping	: 3
microcode	: 0x1c
cpu MHz		: 1700.000
cache size	: 6144 KB
physical id	: 0
siblings	: 8
core id		: 3
cpu cores	: 4
apicid		: 7
initial apicid	: 7
fpu		: yes
fpu_exception	: yes
cpuid level	: 13
wp		: yes
flags		: fpu vme de pse tsc msr pae mce cx8 apic sep mtrr pge mca cmov pat pse36 clflush dts acpi mmx fxsr sse sse2 ss ht tm pbe syscall nx pdpe1gb rdtscp lm constant_tsc arch_perfmon pebs bts rep_good nopl xtopology nonstop_tsc aperfmperf eagerfpu pni pclmulqdq dtes64 monitor ds_cpl vmx smx est tm2 ssse3 fma cx16 xtpr pdcm pcid sse4_1 sse4_2 x2apic movbe popcnt tsc_deadline_timer aes xsave avx f16c rdrand lahf_lm abm ida arat epb xsaveopt pln pts dtherm tpr_shadow vnmi flexpriority ept vpid fsgsbase tsc_adjust bmi1 avx2 smep bmi2 erms invpcid
bogomips	: 5586.92
clflush size	: 64
cache_alignment	: 64
address sizes	: 39 bits physical, 48 bits virtual
power management:



Memory: 4k page, physical 8079704k(101408k free), swap 2047996k(0k free)

vm_info: Java HotSpot(TM) 64-Bit Server VM (24.80-b11) for linux-amd64 JRE (1.7.0_80-b15), built on Apr 10 2015 19:53:14 by "java_re" with gcc 4.3.0 20080428 (Red Hat 4.3.0-8)

time: Wed Oct 14 10:53:37 2015
elapsed time: 18 seconds

