0 info it worked if it ends with ok
1 verbose cli [ '/usr/bin/node', '/usr/bin/npm', 'update', '-g', 'ionic' ]
2 info using npm@1.4.28
3 info using node@v0.10.37
4 verbose node symlink /usr/bin/node
5 verbose request where is /ionic
6 verbose request registry https://registry.npmjs.org/
7 verbose request id bacbb642e2f2c8b2
8 verbose url raw /ionic
9 verbose url resolving [ 'https://registry.npmjs.org/', './ionic' ]
10 verbose url resolved https://registry.npmjs.org/ionic
11 verbose request where is https://registry.npmjs.org/ionic
12 info trying registry request attempt 1 at 17:34:11
13 verbose etag "60C8GIPJN4WABSES9D219BU0X"
14 http GET https://registry.npmjs.org/ionic
15 http 200 https://registry.npmjs.org/ionic
16 silly registry.get cb [ 200,
16 silly registry.get   { server: 'CouchDB/1.5.0 (Erlang OTP/R16B03)',
16 silly registry.get     etag: '"DFI5ZCKTUEFXKG8W2WSN908Y2"',
16 silly registry.get     'content-type': 'application/json',
16 silly registry.get     'cache-control': 'max-age=60',
16 silly registry.get     'content-length': '506598',
16 silly registry.get     'accept-ranges': 'bytes',
16 silly registry.get     date: 'Mon, 12 Oct 2015 15:34:11 GMT',
16 silly registry.get     via: '1.1 varnish',
16 silly registry.get     age: '0',
16 silly registry.get     connection: 'keep-alive',
16 silly registry.get     'x-served-by': 'cache-fra1240-FRA',
16 silly registry.get     'x-cache': 'HIT',
16 silly registry.get     'x-cache-hits': '1',
16 silly registry.get     'x-timer': 'S1444664051.600473,VS0,VE109',
16 silly registry.get     vary: 'Accept' } ]
17 info outdated updating [ [ '/usr/lib', 'ionic', '1.3.2', '1.6.5', '1.6.5', 'latest' ] ]
18 verbose install where,what [ '/usr/lib', [ 'ionic@1.6.5' ] ]
19 verbose cache add [ 'ionic@1.6.5', null ]
20 verbose cache add name=undefined spec="ionic@1.6.5" args=["ionic@1.6.5",null]
21 verbose parsed url { protocol: null,
21 verbose parsed url   slashes: null,
21 verbose parsed url   auth: null,
21 verbose parsed url   host: null,
21 verbose parsed url   port: null,
21 verbose parsed url   hostname: null,
21 verbose parsed url   hash: null,
21 verbose parsed url   search: null,
21 verbose parsed url   query: null,
21 verbose parsed url   pathname: 'ionic@1.6.5',
21 verbose parsed url   path: 'ionic@1.6.5',
21 verbose parsed url   href: 'ionic@1.6.5' }
22 verbose cache add name="ionic" spec="1.6.5" args=["ionic","1.6.5"]
23 verbose parsed url { protocol: null,
23 verbose parsed url   slashes: null,
23 verbose parsed url   auth: null,
23 verbose parsed url   host: null,
23 verbose parsed url   port: null,
23 verbose parsed url   hostname: null,
23 verbose parsed url   hash: null,
23 verbose parsed url   search: null,
23 verbose parsed url   query: null,
23 verbose parsed url   pathname: '1.6.5',
23 verbose parsed url   path: '1.6.5',
23 verbose parsed url   href: '1.6.5' }
24 verbose addNamed [ 'ionic', '1.6.5' ]
25 verbose addNamed [ '1.6.5', '1.6.5' ]
26 silly lockFile 270d0364-ionic-1-6-5 ionic@1.6.5
27 verbose lock ionic@1.6.5 /home/chin8/.npm/270d0364-ionic-1-6-5.lock
28 verbose registry.get https://registry.npmjs.org/ionic not expired, no request
29 silly lockFile ebde563e--npmjs-org-ionic-ionic-1-6-5-tgz https://registry.npmjs.org/ionic/-/ionic-1.6.5.tgz
30 verbose lock https://registry.npmjs.org/ionic/-/ionic-1.6.5.tgz /home/chin8/.npm/ebde563e--npmjs-org-ionic-ionic-1-6-5-tgz.lock
31 verbose addRemoteTarball [ 'https://registry.npmjs.org/ionic/-/ionic-1.6.5.tgz',
31 verbose addRemoteTarball   'a7d46ad23f1f488629f6ea5691ec1086130b3dd9' ]
32 info retry fetch attempt 1 at 17:34:13
33 verbose fetch to= /tmp/npm-6300-X2ARBCao/registry.npmjs.org/ionic/-/ionic-1.6.5.tgz
34 http GET https://registry.npmjs.org/ionic/-/ionic-1.6.5.tgz
35 http 200 https://registry.npmjs.org/ionic/-/ionic-1.6.5.tgz
36 silly lockFile ebde563e--npmjs-org-ionic-ionic-1-6-5-tgz https://registry.npmjs.org/ionic/-/ionic-1.6.5.tgz
37 silly lockFile ebde563e--npmjs-org-ionic-ionic-1-6-5-tgz https://registry.npmjs.org/ionic/-/ionic-1.6.5.tgz
38 silly lockFile 270d0364-ionic-1-6-5 ionic@1.6.5
39 silly lockFile 270d0364-ionic-1-6-5 ionic@1.6.5
40 error Error: EACCES, mkdir '/home/chin8/.npm/ionic/1.6.5'
40 error  { [Error: EACCES, mkdir '/home/chin8/.npm/ionic/1.6.5']
40 error   errno: 3,
40 error   code: 'EACCES',
40 error   path: '/home/chin8/.npm/ionic/1.6.5' }
41 error Please try running this command again as root/Administrator.
42 error System Linux 3.13.0-55-generic
43 error command "/usr/bin/node" "/usr/bin/npm" "update" "-g" "ionic"
44 error cwd /home/chin8/Documents/work/viaggia/sco.viaggia/viaggia-mobile
45 error node -v v0.10.37
46 error npm -v 1.4.28
47 error path /home/chin8/.npm/ionic/1.6.5
48 error code EACCES
49 error errno 3
50 error stack Error: EACCES, mkdir '/home/chin8/.npm/ionic/1.6.5'
51 verbose exit [ 3, true ]
